[ 2017-03-04T09:27:13+08:00 ] 183.6.46.6 /web/
INFO: [ app_init ] --START--
INFO: Run Behavior\BuildLiteBehavior [ RunTime:0.000036s ]
INFO: [ app_init ] --END-- [ RunTime:0.004789s ]
INFO: [ app_begin ] --START--
INFO: Run Behavior\ReadHtmlCacheBehavior [ RunTime:0.001446s ]
INFO: [ app_begin ] --END-- [ RunTime:0.001570s ]
SQL: SHOW COLUMNS FROM `bbs_member` [ RunTime:0.0043s ]
SQL: SHOW COLUMNS FROM `bbs_category` [ RunTime:0.0063s ]
SQL: SHOW COLUMNS FROM `bbs_task` [ RunTime:0.0076s ]
SQL: SHOW COLUMNS FROM `bbs_article` [ RunTime:0.0081s ]
SQL: SHOW COLUMNS FROM `bbs_comment` [ RunTime:0.0039s ]
SQL: SHOW COLUMNS FROM `bbs_task_confirm` [ RunTime:0.0022s ]
SQL: SHOW COLUMNS FROM `bbs_config` [ RunTime:0.0048s ]
SQL: SELECT * FROM `bbs_config` WHERE `config_id` = 1 LIMIT 1   [ RunTime:0.0008s ]
SQL: SELECT * FROM `bbs_category`  [ RunTime:0.0036s ]
SQL: SELECT `category_id`,`parent_id`,`name` FROM `bbs_category`  [ RunTime:0.0008s ]
SQL: SELECT `task_id`,`title`,`type`,`price`,`state`,`create_time` FROM `bbs_task` WHERE ( is_delete=0 and status=1 and type=2 ) ORDER BY state,create_time LIMIT 12   [ RunTime:0.0012s ]
SQL: SELECT `task_id`,`title`,`type`,`price`,`state`,`create_time` FROM `bbs_task` WHERE ( is_delete=0 and status=1 and type=3 ) ORDER BY state,create_time LIMIT 12   [ RunTime:0.0014s ]
SQL: SELECT `article_id`,`category_id`,`title`,`create_time` FROM `bbs_article` WHERE ( is_delete=0 and status=1 and category_id=5 ) ORDER BY create_time desc LIMIT 10   [ RunTime:0.0009s ]
SQL: SELECT `article_id`,`category_id`,`title`,`create_time` FROM `bbs_article` WHERE ( is_delete=0 and status=1 and category_id=6 ) ORDER BY create_time desc LIMIT 10   [ RunTime:0.0010s ]
INFO: [ view_parse ] --START--
INFO: [ template_filter ] --START--
INFO: Run Behavior\ContentReplaceBehavior [ RunTime:0.000182s ]
INFO: [ template_filter ] --END-- [ RunTime:0.000275s ]
NOTIC: [8] Undefined variable: category_meta /www/users/HK124144/WEB/web/Runtime/Cache/Home/2a94b8bda04ff446dcedd42276fc99ee.php 第 8 行.
NOTIC: [8] Undefined index: member /www/users/HK124144/WEB/web/Runtime/Cache/Home/2a94b8bda04ff446dcedd42276fc99ee.php 第 49 行.
INFO: Run Behavior\ParseTemplateBehavior [ RunTime:0.049889s ]
INFO: [ view_parse ] --END-- [ RunTime:0.050022s ]
INFO: [ view_filter ] --START--
INFO: Run Behavior\WriteHtmlCacheBehavior [ RunTime:0.002141s ]
INFO: [ view_filter ] --END-- [ RunTime:0.002226s ]
INFO: [ app_end ] --START--
INFO: Run Behavior\ShowPageTraceBehavior [ RunTime:0.002576s ]
INFO: [ app_end ] --END-- [ RunTime:0.002665s ]

[ 2017-03-04T09:27:15+08:00 ] 183.6.46.6 /web/Index/distrib/id/2.html
INFO: [ app_init ] --START--
INFO: Run Behavior\BuildLiteBehavior [ RunTime:0.000028s ]
INFO: [ app_init ] --END-- [ RunTime:0.000731s ]
INFO: [ app_begin ] --START--
INFO: Run Behavior\ReadHtmlCacheBehavior [ RunTime:0.000869s ]
INFO: [ app_begin ] --END-- [ RunTime:0.000955s ]
SQL: SHOW COLUMNS FROM `bbs_member` [ RunTime:0.0014s ]
SQL: SHOW COLUMNS FROM `bbs_category` [ RunTime:0.0012s ]
SQL: SHOW COLUMNS FROM `bbs_task` [ RunTime:0.0011s ]
SQL: SHOW COLUMNS FROM `bbs_article` [ RunTime:0.0014s ]
SQL: SHOW COLUMNS FROM `bbs_comment` [ RunTime:0.0014s ]
SQL: SHOW COLUMNS FROM `bbs_task_confirm` [ RunTime:0.0010s ]
SQL: SHOW COLUMNS FROM `bbs_config` [ RunTime:0.0013s ]
SQL: SELECT * FROM `bbs_config` WHERE `config_id` = 1 LIMIT 1   [ RunTime:0.0011s ]
SQL: SELECT * FROM `bbs_category`  [ RunTime:0.0011s ]
SQL: SELECT `category_id`,`parent_id`,`name` FROM `bbs_category`  [ RunTime:0.0007s ]
SQL: SELECT `category_id`,`parent_id`,`name` FROM `bbs_category` WHERE `category_id` = 2 LIMIT 1   [ RunTime:0.0011s ]
SQL: SELECT `category_id`,`parent_id`,`name` FROM `bbs_category` WHERE `category_id` = 1 LIMIT 1   [ RunTime:0.0007s ]
SQL: SELECT COUNT(*) AS tp_count FROM `bbs_task` WHERE ( is_delete=0 and status=1 and type=2 ) LIMIT 1   [ RunTime:0.0009s ]
SQL: SELECT * FROM `bbs_task` WHERE ( is_delete=0 and status=1 and type=2 ) ORDER BY state,create_time desc LIMIT 0,30   [ RunTime:0.0013s ]
SQL: SELECT `category_id`,`name`,`title`,`desc` FROM `bbs_category` WHERE `category_id` = 2 LIMIT 1   [ RunTime:0.0012s ]
INFO: [ view_parse ] --START--
INFO: [ template_filter ] --START--
INFO: Run Behavior\ContentReplaceBehavior [ RunTime:0.000146s ]
INFO: [ template_filter ] --END-- [ RunTime:0.000260s ]
NOTIC: [8] Undefined index: member /www/users/HK124144/WEB/web/Runtime/Cache/Home/7b286aa6dd9947169c703853f5d248b2.php 第 49 行.
INFO: Run Behavior\ParseTemplateBehavior [ RunTime:0.039063s ]
INFO: [ view_parse ] --END-- [ RunTime:0.039160s ]
INFO: [ view_filter ] --START--
INFO: Run Behavior\WriteHtmlCacheBehavior [ RunTime:0.000433s ]
INFO: [ view_filter ] --END-- [ RunTime:0.000496s ]
INFO: [ app_end ] --START--
INFO: Run Behavior\ShowPageTraceBehavior [ RunTime:0.000941s ]
INFO: [ app_end ] --END-- [ RunTime:0.001029s ]

[ 2017-03-04T09:27:17+08:00 ] 183.6.46.6 /web/Index/distrib/id/5.html
INFO: [ app_init ] --START--
INFO: Run Behavior\BuildLiteBehavior [ RunTime:0.000027s ]
INFO: [ app_init ] --END-- [ RunTime:0.000682s ]
INFO: [ app_begin ] --START--
INFO: Run Behavior\ReadHtmlCacheBehavior [ RunTime:0.000854s ]
INFO: [ app_begin ] --END-- [ RunTime:0.000937s ]
SQL: SHOW COLUMNS FROM `bbs_member` [ RunTime:0.0020s ]
SQL: SHOW COLUMNS FROM `bbs_category` [ RunTime:0.0068s ]
SQL: SHOW COLUMNS FROM `bbs_task` [ RunTime:0.0017s ]
SQL: SHOW COLUMNS FROM `bbs_article` [ RunTime:0.0053s ]
SQL: SHOW COLUMNS FROM `bbs_comment` [ RunTime:0.0030s ]
SQL: SHOW COLUMNS FROM `bbs_task_confirm` [ RunTime:0.0013s ]
SQL: SHOW COLUMNS FROM `bbs_config` [ RunTime:0.0019s ]
SQL: SELECT * FROM `bbs_config` WHERE `config_id` = 1 LIMIT 1   [ RunTime:0.0010s ]
SQL: SELECT * FROM `bbs_category`  [ RunTime:0.0009s ]
SQL: SELECT `category_id`,`parent_id`,`name` FROM `bbs_category`  [ RunTime:0.0009s ]
SQL: SELECT `category_id`,`parent_id`,`name` FROM `bbs_category` WHERE `category_id` = 5 LIMIT 1   [ RunTime:0.0011s ]
SQL: SELECT `category_id`,`parent_id`,`name` FROM `bbs_category` WHERE `category_id` = 4 LIMIT 1   [ RunTime:0.0011s ]
SQL: SELECT COUNT(*) AS tp_count FROM `bbs_article` WHERE ( is_delete=0 and status=1 and category_id=5 ) LIMIT 1   [ RunTime:0.0007s ]
SQL: SELECT * FROM `bbs_article` WHERE ( is_delete=0 and status=1 and category_id=5 ) ORDER BY create_time desc LIMIT 0,30   [ RunTime:0.0031s ]
SQL: SELECT `category_id`,`name`,`title`,`desc` FROM `bbs_category` WHERE `category_id` = 5 LIMIT 1   [ RunTime:0.0012s ]
INFO: [ view_parse ] --START--
INFO: [ template_filter ] --START--
INFO: Run Behavior\ContentReplaceBehavior [ RunTime:0.000192s ]
INFO: [ template_filter ] --END-- [ RunTime:0.000301s ]
NOTIC: [8] Undefined index: member /www/users/HK124144/WEB/web/Runtime/Cache/Home/7eff57487c669f20d964896fa0321b07.php 第 49 行.
INFO: Run Behavior\ParseTemplateBehavior [ RunTime:0.046136s ]
INFO: [ view_parse ] --END-- [ RunTime:0.046225s ]
INFO: [ view_filter ] --START--
INFO: Run Behavior\WriteHtmlCacheBehavior [ RunTime:0.000436s ]
INFO: [ view_filter ] --END-- [ RunTime:0.000498s ]
INFO: [ app_end ] --START--
INFO: Run Behavior\ShowPageTraceBehavior [ RunTime:0.000915s ]
INFO: [ app_end ] --END-- [ RunTime:0.000995s ]

[ 2017-03-04T09:27:21+08:00 ] 101.226.33.238 /web/
INFO: [ app_init ] --START--
INFO: Run Behavior\BuildLiteBehavior [ RunTime:0.000029s ]
INFO: [ app_init ] --END-- [ RunTime:0.000684s ]
INFO: [ app_begin ] --START--
INFO: Run Behavior\ReadHtmlCacheBehavior [ RunTime:0.000839s ]
INFO: [ app_begin ] --END-- [ RunTime:0.000920s ]
SQL: SHOW COLUMNS FROM `bbs_member` [ RunTime:0.0022s ]
SQL: SHOW COLUMNS FROM `bbs_category` [ RunTime:0.0015s ]
SQL: SHOW COLUMNS FROM `bbs_task` [ RunTime:0.0065s ]
SQL: SHOW COLUMNS FROM `bbs_article` [ RunTime:0.0020s ]
SQL: SHOW COLUMNS FROM `bbs_comment` [ RunTime:0.0019s ]
SQL: SHOW COLUMNS FROM `bbs_task_confirm` [ RunTime:0.0025s ]
SQL: SHOW COLUMNS FROM `bbs_config` [ RunTime:0.0029s ]
SQL: SELECT * FROM `bbs_config` WHERE `config_id` = 1 LIMIT 1   [ RunTime:0.0018s ]
SQL: SELECT * FROM `bbs_category`  [ RunTime:0.0043s ]
SQL: SELECT `category_id`,`parent_id`,`name` FROM `bbs_category`  [ RunTime:0.0009s ]
SQL: SELECT `task_id`,`title`,`type`,`price`,`state`,`create_time` FROM `bbs_task` WHERE ( is_delete=0 and status=1 and type=2 ) ORDER BY state,create_time LIMIT 12   [ RunTime:0.0015s ]
SQL: SELECT `task_id`,`title`,`type`,`price`,`state`,`create_time` FROM `bbs_task` WHERE ( is_delete=0 and status=1 and type=3 ) ORDER BY state,create_time LIMIT 12   [ RunTime:0.0179s ]
SQL: SELECT `article_id`,`category_id`,`title`,`create_time` FROM `bbs_article` WHERE ( is_delete=0 and status=1 and category_id=5 ) ORDER BY create_time desc LIMIT 10   [ RunTime:0.0010s ]
SQL: SELECT `article_id`,`category_id`,`title`,`create_time` FROM `bbs_article` WHERE ( is_delete=0 and status=1 and category_id=6 ) ORDER BY create_time desc LIMIT 10   [ RunTime:0.0012s ]
INFO: [ view_parse ] --START--
INFO: [ template_filter ] --START--
INFO: Run Behavior\ContentReplaceBehavior [ RunTime:0.000194s ]
INFO: [ template_filter ] --END-- [ RunTime:0.000273s ]
NOTIC: [8] Undefined variable: category_meta /www/users/HK124144/WEB/web/Runtime/Cache/Home/2a94b8bda04ff446dcedd42276fc99ee.php 第 8 行.
NOTIC: [8] Undefined index: member /www/users/HK124144/WEB/web/Runtime/Cache/Home/2a94b8bda04ff446dcedd42276fc99ee.php 第 49 行.
INFO: Run Behavior\ParseTemplateBehavior [ RunTime:0.029723s ]
INFO: [ view_parse ] --END-- [ RunTime:0.029816s ]
INFO: [ view_filter ] --START--
INFO: Run Behavior\WriteHtmlCacheBehavior [ RunTime:0.000446s ]
INFO: [ view_filter ] --END-- [ RunTime:0.000507s ]
INFO: [ app_end ] --START--
INFO: Run Behavior\ShowPageTraceBehavior [ RunTime:0.000905s ]
INFO: [ app_end ] --END-- [ RunTime:0.000993s ]

[ 2017-03-04T09:27:22+08:00 ] 101.226.66.173 /web/
INFO: [ app_init ] --START--
INFO: Run Behavior\BuildLiteBehavior [ RunTime:0.000028s ]
INFO: [ app_init ] --END-- [ RunTime:0.000685s ]
INFO: [ app_begin ] --START--
INFO: Run Behavior\ReadHtmlCacheBehavior [ RunTime:0.000854s ]
INFO: [ app_begin ] --END-- [ RunTime:0.000937s ]
SQL: SHOW COLUMNS FROM `bbs_member` [ RunTime:0.0021s ]
SQL: SHOW COLUMNS FROM `bbs_category` [ RunTime:0.0019s ]
SQL: SHOW COLUMNS FROM `bbs_task` [ RunTime:0.0022s ]
SQL: SHOW COLUMNS FROM `bbs_article` [ RunTime:0.0021s ]
SQL: SHOW COLUMNS FROM `bbs_comment` [ RunTime:0.0028s ]
SQL: SHOW COLUMNS FROM `bbs_task_confirm` [ RunTime:0.0047s ]
SQL: SHOW COLUMNS FROM `bbs_config` [ RunTime:0.0026s ]
SQL: SELECT * FROM `bbs_config` WHERE `config_id` = 1 LIMIT 1   [ RunTime:0.0008s ]
SQL: SELECT * FROM `bbs_category`  [ RunTime:0.0009s ]
SQL: SELECT `category_id`,`parent_id`,`name` FROM `bbs_category`  [ RunTime:0.0012s ]
SQL: SELECT `task_id`,`title`,`type`,`price`,`state`,`create_time` FROM `bbs_task` WHERE ( is_delete=0 and status=1 and type=2 ) ORDER BY state,create_time LIMIT 12   [ RunTime:0.0006s ]
SQL: SELECT `task_id`,`title`,`type`,`price`,`state`,`create_time` FROM `bbs_task` WHERE ( is_delete=0 and status=1 and type=3 ) ORDER BY state,create_time LIMIT 12   [ RunTime:0.0024s ]
SQL: SELECT `article_id`,`category_id`,`title`,`create_time` FROM `bbs_article` WHERE ( is_delete=0 and status=1 and category_id=5 ) ORDER BY create_time desc LIMIT 10   [ RunTime:0.0008s ]
SQL: SELECT `article_id`,`category_id`,`title`,`create_time` FROM `bbs_article` WHERE ( is_delete=0 and status=1 and category_id=6 ) ORDER BY create_time desc LIMIT 10   [ RunTime:0.0015s ]
INFO: [ view_parse ] --START--
INFO: [ template_filter ] --START--
INFO: Run Behavior\ContentReplaceBehavior [ RunTime:0.000165s ]
INFO: [ template_filter ] --END-- [ RunTime:0.000241s ]
NOTIC: [8] Undefined variable: category_meta /www/users/HK124144/WEB/web/Runtime/Cache/Home/2a94b8bda04ff446dcedd42276fc99ee.php 第 8 行.
NOTIC: [8] Undefined index: member /www/users/HK124144/WEB/web/Runtime/Cache/Home/2a94b8bda04ff446dcedd42276fc99ee.php 第 49 行.
INFO: Run Behavior\ParseTemplateBehavior [ RunTime:0.029555s ]
INFO: [ view_parse ] --END-- [ RunTime:0.029665s ]
INFO: [ view_filter ] --START--
INFO: Run Behavior\WriteHtmlCacheBehavior [ RunTime:0.000428s ]
INFO: [ view_filter ] --END-- [ RunTime:0.000489s ]
INFO: [ app_end ] --START--
INFO: Run Behavior\ShowPageTraceBehavior [ RunTime:0.000918s ]
INFO: [ app_end ] --END-- [ RunTime:0.001007s ]

[ 2017-03-04T09:27:23+08:00 ] 183.6.46.6 /web/
INFO: [ app_init ] --START--
INFO: Run Behavior\BuildLiteBehavior [ RunTime:0.000029s ]
INFO: [ app_init ] --END-- [ RunTime:0.000707s ]
INFO: [ app_begin ] --START--
INFO: Run Behavior\ReadHtmlCacheBehavior [ RunTime:0.000880s ]
INFO: [ app_begin ] --END-- [ RunTime:0.000972s ]
SQL: SHOW COLUMNS FROM `bbs_member` [ RunTime:0.0016s ]
SQL: SHOW COLUMNS FROM `bbs_category` [ RunTime:0.0018s ]
SQL: SHOW COLUMNS FROM `bbs_task` [ RunTime:0.0027s ]
SQL: SHOW COLUMNS FROM `bbs_article` [ RunTime:0.0035s ]
SQL: SHOW COLUMNS FROM `bbs_comment` [ RunTime:0.0018s ]
SQL: SHOW COLUMNS FROM `bbs_task_confirm` [ RunTime:0.0021s ]
SQL: SHOW COLUMNS FROM `bbs_config` [ RunTime:0.0022s ]
SQL: SELECT * FROM `bbs_config` WHERE `config_id` = 1 LIMIT 1   [ RunTime:0.0014s ]
SQL: SELECT * FROM `bbs_category`  [ RunTime:0.0008s ]
SQL: SELECT `category_id`,`parent_id`,`name` FROM `bbs_category`  [ RunTime:0.0006s ]
SQL: SELECT `task_id`,`title`,`type`,`price`,`state`,`create_time` FROM `bbs_task` WHERE ( is_delete=0 and status=1 and type=2 ) ORDER BY state,create_time LIMIT 12   [ RunTime:0.0014s ]
SQL: SELECT `task_id`,`title`,`type`,`price`,`state`,`create_time` FROM `bbs_task` WHERE ( is_delete=0 and status=1 and type=3 ) ORDER BY state,create_time LIMIT 12   [ RunTime:0.0007s ]
SQL: SELECT `article_id`,`category_id`,`title`,`create_time` FROM `bbs_article` WHERE ( is_delete=0 and status=1 and category_id=5 ) ORDER BY create_time desc LIMIT 10   [ RunTime:0.0009s ]
SQL: SELECT `article_id`,`category_id`,`title`,`create_time` FROM `bbs_article` WHERE ( is_delete=0 and status=1 and category_id=6 ) ORDER BY create_time desc LIMIT 10   [ RunTime:0.0006s ]
INFO: [ view_parse ] --START--
INFO: [ template_filter ] --START--
INFO: Run Behavior\ContentReplaceBehavior [ RunTime:0.000221s ]
INFO: [ template_filter ] --END-- [ RunTime:0.000309s ]
NOTIC: [8] Undefined variable: category_meta /www/users/HK124144/WEB/web/Runtime/Cache/Home/2a94b8bda04ff446dcedd42276fc99ee.php 第 8 行.
NOTIC: [8] Undefined index: member /www/users/HK124144/WEB/web/Runtime/Cache/Home/2a94b8bda04ff446dcedd42276fc99ee.php 第 49 行.
INFO: Run Behavior\ParseTemplateBehavior [ RunTime:0.037870s ]
INFO: [ view_parse ] --END-- [ RunTime:0.037987s ]
INFO: [ view_filter ] --START--
INFO: Run Behavior\WriteHtmlCacheBehavior [ RunTime:0.000583s ]
INFO: [ view_filter ] --END-- [ RunTime:0.000657s ]
INFO: [ app_end ] --START--
INFO: Run Behavior\ShowPageTraceBehavior [ RunTime:0.000982s ]
INFO: [ app_end ] --END-- [ RunTime:0.001070s ]

[ 2017-03-04T09:27:25+08:00 ] 180.153.214.198 /web/Index/distrib/id/2.html
INFO: [ app_init ] --START--
INFO: Run Behavior\BuildLiteBehavior [ RunTime:0.000028s ]
INFO: [ app_init ] --END-- [ RunTime:0.000680s ]
INFO: [ app_begin ] --START--
INFO: Run Behavior\ReadHtmlCacheBehavior [ RunTime:0.000818s ]
INFO: [ app_begin ] --END-- [ RunTime:0.000931s ]
SQL: SHOW COLUMNS FROM `bbs_member` [ RunTime:0.0016s ]
SQL: SHOW COLUMNS FROM `bbs_category` [ RunTime:0.0014s ]
SQL: SHOW COLUMNS FROM `bbs_task` [ RunTime:0.0015s ]
SQL: SHOW COLUMNS FROM `bbs_article` [ RunTime:0.0016s ]
SQL: SHOW COLUMNS FROM `bbs_comment` [ RunTime:0.0013s ]
SQL: SHOW COLUMNS FROM `bbs_task_confirm` [ RunTime:0.0016s ]
SQL: SHOW COLUMNS FROM `bbs_config` [ RunTime:0.0022s ]
SQL: SELECT * FROM `bbs_config` WHERE `config_id` = 1 LIMIT 1   [ RunTime:0.0010s ]
SQL: SELECT * FROM `bbs_category`  [ RunTime:0.0012s ]
SQL: SELECT `category_id`,`parent_id`,`name` FROM `bbs_category`  [ RunTime:0.0008s ]
SQL: SELECT `category_id`,`parent_id`,`name` FROM `bbs_category` WHERE `category_id` = 2 LIMIT 1   [ RunTime:0.0035s ]
SQL: SELECT `category_id`,`parent_id`,`name` FROM `bbs_category` WHERE `category_id` = 1 LIMIT 1   [ RunTime:0.0010s ]
SQL: SELECT COUNT(*) AS tp_count FROM `bbs_task` WHERE ( is_delete=0 and status=1 and type=2 ) LIMIT 1   [ RunTime:0.0008s ]
SQL: SELECT * FROM `bbs_task` WHERE ( is_delete=0 and status=1 and type=2 ) ORDER BY state,create_time desc LIMIT 0,30   [ RunTime:0.0008s ]
SQL: SELECT `category_id`,`name`,`title`,`desc` FROM `bbs_category` WHERE `category_id` = 2 LIMIT 1   [ RunTime:0.0010s ]
INFO: [ view_parse ] --START--
INFO: [ template_filter ] --START--
INFO: Run Behavior\ContentReplaceBehavior [ RunTime:0.000131s ]
INFO: [ template_filter ] --END-- [ RunTime:0.000206s ]
NOTIC: [8] Undefined index: member /www/users/HK124144/WEB/web/Runtime/Cache/Home/7b286aa6dd9947169c703853f5d248b2.php 第 49 行.
INFO: Run Behavior\ParseTemplateBehavior [ RunTime:0.022971s ]
INFO: [ view_parse ] --END-- [ RunTime:0.023054s ]
INFO: [ view_filter ] --START--
INFO: Run Behavior\WriteHtmlCacheBehavior [ RunTime:0.000450s ]
INFO: [ view_filter ] --END-- [ RunTime:0.000510s ]
INFO: [ app_end ] --START--
INFO: Run Behavior\ShowPageTraceBehavior [ RunTime:0.000894s ]
INFO: [ app_end ] --END-- [ RunTime:0.000970s ]

[ 2017-03-04T09:27:27+08:00 ] 101.226.99.196 /web/Index/distrib/id/5.html
INFO: [ app_init ] --START--
INFO: Run Behavior\BuildLiteBehavior [ RunTime:0.000028s ]
INFO: [ app_init ] --END-- [ RunTime:0.000688s ]
INFO: [ app_begin ] --START--
INFO: Run Behavior\ReadHtmlCacheBehavior [ RunTime:0.000917s ]
INFO: [ app_begin ] --END-- [ RunTime:0.001002s ]
SQL: SHOW COLUMNS FROM `bbs_member` [ RunTime:0.0025s ]
SQL: SHOW COLUMNS FROM `bbs_category` [ RunTime:0.0019s ]
SQL: SHOW COLUMNS FROM `bbs_task` [ RunTime:0.0019s ]
SQL: SHOW COLUMNS FROM `bbs_article` [ RunTime:0.0021s ]
SQL: SHOW COLUMNS FROM `bbs_comment` [ RunTime:0.0017s ]
SQL: SHOW COLUMNS FROM `bbs_task_confirm` [ RunTime:0.0029s ]
SQL: SHOW COLUMNS FROM `bbs_config` [ RunTime:0.0015s ]
SQL: SELECT * FROM `bbs_config` WHERE `config_id` = 1 LIMIT 1   [ RunTime:0.0016s ]
SQL: SELECT * FROM `bbs_category`  [ RunTime:0.0027s ]
SQL: SELECT `category_id`,`parent_id`,`name` FROM `bbs_category`  [ RunTime:0.0005s ]
SQL: SELECT `category_id`,`parent_id`,`name` FROM `bbs_category` WHERE `category_id` = 5 LIMIT 1   [ RunTime:0.0005s ]
SQL: SELECT `category_id`,`parent_id`,`name` FROM `bbs_category` WHERE `category_id` = 4 LIMIT 1   [ RunTime:0.0020s ]
SQL: SELECT COUNT(*) AS tp_count FROM `bbs_article` WHERE ( is_delete=0 and status=1 and category_id=5 ) LIMIT 1   [ RunTime:0.0007s ]
SQL: SELECT * FROM `bbs_article` WHERE ( is_delete=0 and status=1 and category_id=5 ) ORDER BY create_time desc LIMIT 0,30   [ RunTime:0.0006s ]
SQL: SELECT `category_id`,`name`,`title`,`desc` FROM `bbs_category` WHERE `category_id` = 5 LIMIT 1   [ RunTime:0.0014s ]
INFO: [ view_parse ] --START--
INFO: [ template_filter ] --START--
INFO: Run Behavior\ContentReplaceBehavior [ RunTime:0.000134s ]
INFO: [ template_filter ] --END-- [ RunTime:0.000217s ]
NOTIC: [8] Undefined index: member /www/users/HK124144/WEB/web/Runtime/Cache/Home/7eff57487c669f20d964896fa0321b07.php 第 49 行.
INFO: Run Behavior\ParseTemplateBehavior [ RunTime:0.020833s ]
INFO: [ view_parse ] --END-- [ RunTime:0.020914s ]
INFO: [ view_filter ] --START--
INFO: Run Behavior\WriteHtmlCacheBehavior [ RunTime:0.000413s ]
INFO: [ view_filter ] --END-- [ RunTime:0.000538s ]
INFO: [ app_end ] --START--
INFO: Run Behavior\ShowPageTraceBehavior [ RunTime:0.000903s ]
INFO: [ app_end ] --END-- [ RunTime:0.001017s ]

[ 2017-03-04T09:27:28+08:00 ] 101.226.89.123 /web/
INFO: [ app_init ] --START--
INFO: Run Behavior\BuildLiteBehavior [ RunTime:0.000029s ]
INFO: [ app_init ] --END-- [ RunTime:0.000686s ]
INFO: [ app_begin ] --START--
INFO: Run Behavior\ReadHtmlCacheBehavior [ RunTime:0.000850s ]
INFO: [ app_begin ] --END-- [ RunTime:0.000934s ]
SQL: SHOW COLUMNS FROM `bbs_member` [ RunTime:0.0030s ]
SQL: SHOW COLUMNS FROM `bbs_category` [ RunTime:0.0018s ]
SQL: SHOW COLUMNS FROM `bbs_task` [ RunTime:0.0013s ]
SQL: SHOW COLUMNS FROM `bbs_article` [ RunTime:0.0016s ]
SQL: SHOW COLUMNS FROM `bbs_comment` [ RunTime:0.0021s ]
SQL: SHOW COLUMNS FROM `bbs_task_confirm` [ RunTime:0.0010s ]
SQL: SHOW COLUMNS FROM `bbs_config` [ RunTime:0.0030s ]
SQL: SELECT * FROM `bbs_config` WHERE `config_id` = 1 LIMIT 1   [ RunTime:0.0010s ]
SQL: SELECT * FROM `bbs_category`  [ RunTime:0.0007s ]
SQL: SELECT `category_id`,`parent_id`,`name` FROM `bbs_category`  [ RunTime:0.0009s ]
SQL: SELECT `task_id`,`title`,`type`,`price`,`state`,`create_time` FROM `bbs_task` WHERE ( is_delete=0 and status=1 and type=2 ) ORDER BY state,create_time LIMIT 12   [ RunTime:0.0009s ]
SQL: SELECT `task_id`,`title`,`type`,`price`,`state`,`create_time` FROM `bbs_task` WHERE ( is_delete=0 and status=1 and type=3 ) ORDER BY state,create_time LIMIT 12   [ RunTime:0.0017s ]
SQL: SELECT `article_id`,`category_id`,`title`,`create_time` FROM `bbs_article` WHERE ( is_delete=0 and status=1 and category_id=5 ) ORDER BY create_time desc LIMIT 10   [ RunTime:0.0009s ]
SQL: SELECT `article_id`,`category_id`,`title`,`create_time` FROM `bbs_article` WHERE ( is_delete=0 and status=1 and category_id=6 ) ORDER BY create_time desc LIMIT 10   [ RunTime:0.0008s ]
INFO: [ view_parse ] --START--
INFO: [ template_filter ] --START--
INFO: Run Behavior\ContentReplaceBehavior [ RunTime:0.000196s ]
INFO: [ template_filter ] --END-- [ RunTime:0.000283s ]
NOTIC: [8] Undefined variable: category_meta /www/users/HK124144/WEB/web/Runtime/Cache/Home/2a94b8bda04ff446dcedd42276fc99ee.php 第 8 行.
NOTIC: [8] Undefined index: member /www/users/HK124144/WEB/web/Runtime/Cache/Home/2a94b8bda04ff446dcedd42276fc99ee.php 第 49 行.
INFO: Run Behavior\ParseTemplateBehavior [ RunTime:0.029978s ]
INFO: [ view_parse ] --END-- [ RunTime:0.030078s ]
INFO: [ view_filter ] --START--
INFO: Run Behavior\WriteHtmlCacheBehavior [ RunTime:0.000464s ]
INFO: [ view_filter ] --END-- [ RunTime:0.000527s ]
INFO: [ app_end ] --START--
INFO: Run Behavior\ShowPageTraceBehavior [ RunTime:0.000944s ]
INFO: [ app_end ] --END-- [ RunTime:0.001034s ]

[ 2017-03-04T09:27:31+08:00 ] 101.226.102.97 /web/
INFO: [ app_init ] --START--
INFO: Run Behavior\BuildLiteBehavior [ RunTime:0.000028s ]
INFO: [ app_init ] --END-- [ RunTime:0.000680s ]
INFO: [ app_begin ] --START--
INFO: Run Behavior\ReadHtmlCacheBehavior [ RunTime:0.000857s ]
INFO: [ app_begin ] --END-- [ RunTime:0.000941s ]
SQL: SHOW COLUMNS FROM `bbs_member` [ RunTime:0.0022s ]
SQL: SHOW COLUMNS FROM `bbs_category` [ RunTime:0.0018s ]
SQL: SHOW COLUMNS FROM `bbs_task` [ RunTime:0.0022s ]
SQL: SHOW COLUMNS FROM `bbs_article` [ RunTime:0.0017s ]
SQL: SHOW COLUMNS FROM `bbs_comment` [ RunTime:0.0034s ]
SQL: SHOW COLUMNS FROM `bbs_task_confirm` [ RunTime:0.0018s ]
SQL: SHOW COLUMNS FROM `bbs_config` [ RunTime:0.0018s ]
SQL: SELECT * FROM `bbs_config` WHERE `config_id` = 1 LIMIT 1   [ RunTime:0.0010s ]
SQL: SELECT * FROM `bbs_category`  [ RunTime:0.0009s ]
SQL: SELECT `category_id`,`parent_id`,`name` FROM `bbs_category`  [ RunTime:0.0013s ]
SQL: SELECT `task_id`,`title`,`type`,`price`,`state`,`create_time` FROM `bbs_task` WHERE ( is_delete=0 and status=1 and type=2 ) ORDER BY state,create_time LIMIT 12   [ RunTime:0.0005s ]
SQL: SELECT `task_id`,`title`,`type`,`price`,`state`,`create_time` FROM `bbs_task` WHERE ( is_delete=0 and status=1 and type=3 ) ORDER BY state,create_time LIMIT 12   [ RunTime:0.0014s ]
SQL: SELECT `article_id`,`category_id`,`title`,`create_time` FROM `bbs_article` WHERE ( is_delete=0 and status=1 and category_id=5 ) ORDER BY create_time desc LIMIT 10   [ RunTime:0.0023s ]
SQL: SELECT `article_id`,`category_id`,`title`,`create_time` FROM `bbs_article` WHERE ( is_delete=0 and status=1 and category_id=6 ) ORDER BY create_time desc LIMIT 10   [ RunTime:0.0013s ]
INFO: [ view_parse ] --START--
INFO: [ template_filter ] --START--
INFO: Run Behavior\ContentReplaceBehavior [ RunTime:0.000185s ]
INFO: [ template_filter ] --END-- [ RunTime:0.000267s ]
NOTIC: [8] Undefined variable: category_meta /www/users/HK124144/WEB/web/Runtime/Cache/Home/2a94b8bda04ff446dcedd42276fc99ee.php 第 8 行.
NOTIC: [8] Undefined index: member /www/users/HK124144/WEB/web/Runtime/Cache/Home/2a94b8bda04ff446dcedd42276fc99ee.php 第 49 行.
INFO: Run Behavior\ParseTemplateBehavior [ RunTime:0.033919s ]
INFO: [ view_parse ] --END-- [ RunTime:0.034019s ]
INFO: [ view_filter ] --START--
INFO: Run Behavior\WriteHtmlCacheBehavior [ RunTime:0.000452s ]
INFO: [ view_filter ] --END-- [ RunTime:0.000514s ]
INFO: [ app_end ] --START--
INFO: Run Behavior\ShowPageTraceBehavior [ RunTime:0.000919s ]
INFO: [ app_end ] --END-- [ RunTime:0.001008s ]

[ 2017-03-04T09:27:31+08:00 ] 183.6.46.6 /web/Index/distrib/id/2.html
INFO: [ app_init ] --START--
INFO: Run Behavior\BuildLiteBehavior [ RunTime:0.000027s ]
INFO: [ app_init ] --END-- [ RunTime:0.000679s ]
INFO: [ app_begin ] --START--
INFO: Run Behavior\ReadHtmlCacheBehavior [ RunTime:0.000824s ]
INFO: [ app_begin ] --END-- [ RunTime:0.000940s ]
SQL: SHOW COLUMNS FROM `bbs_member` [ RunTime:0.0019s ]
SQL: SHOW COLUMNS FROM `bbs_category` [ RunTime:0.0017s ]
SQL: SHOW COLUMNS FROM `bbs_task` [ RunTime:0.0025s ]
SQL: SHOW COLUMNS FROM `bbs_article` [ RunTime:0.0020s ]
SQL: SHOW COLUMNS FROM `bbs_comment` [ RunTime:0.0025s ]
SQL: SHOW COLUMNS FROM `bbs_task_confirm` [ RunTime:0.0129s ]
SQL: SHOW COLUMNS FROM `bbs_config` [ RunTime:0.0028s ]
SQL: SELECT * FROM `bbs_config` WHERE `config_id` = 1 LIMIT 1   [ RunTime:0.0006s ]
SQL: SELECT * FROM `bbs_category`  [ RunTime:0.0053s ]
SQL: SELECT `category_id`,`parent_id`,`name` FROM `bbs_category`  [ RunTime:0.0041s ]
SQL: SELECT `category_id`,`parent_id`,`name` FROM `bbs_category` WHERE `category_id` = 2 LIMIT 1   [ RunTime:0.0009s ]
SQL: SELECT `category_id`,`parent_id`,`name` FROM `bbs_category` WHERE `category_id` = 1 LIMIT 1   [ RunTime:0.0016s ]
SQL: SELECT COUNT(*) AS tp_count FROM `bbs_task` WHERE ( is_delete=0 and status=1 and type=2 ) LIMIT 1   [ RunTime:0.0013s ]
SQL: SELECT * FROM `bbs_task` WHERE ( is_delete=0 and status=1 and type=2 ) ORDER BY state,create_time desc LIMIT 0,30   [ RunTime:0.0057s ]
SQL: SELECT `category_id`,`name`,`title`,`desc` FROM `bbs_category` WHERE `category_id` = 2 LIMIT 1   [ RunTime:0.0012s ]
INFO: [ view_parse ] --START--
INFO: [ template_filter ] --START--
INFO: Run Behavior\ContentReplaceBehavior [ RunTime:0.000146s ]
INFO: [ template_filter ] --END-- [ RunTime:0.000222s ]
NOTIC: [8] Undefined index: member /www/users/HK124144/WEB/web/Runtime/Cache/Home/7b286aa6dd9947169c703853f5d248b2.php 第 49 行.
INFO: Run Behavior\ParseTemplateBehavior [ RunTime:0.023400s ]
INFO: [ view_parse ] --END-- [ RunTime:0.023485s ]
INFO: [ view_filter ] --START--
INFO: Run Behavior\WriteHtmlCacheBehavior [ RunTime:0.000449s ]
INFO: [ view_filter ] --END-- [ RunTime:0.000512s ]
INFO: [ app_end ] --START--
INFO: Run Behavior\ShowPageTraceBehavior [ RunTime:0.001054s ]
INFO: [ app_end ] --END-- [ RunTime:0.001139s ]

[ 2017-03-04T09:27:33+08:00 ] 183.6.46.6 /web/Index/postTask.html
INFO: [ app_init ] --START--
INFO: Run Behavior\BuildLiteBehavior [ RunTime:0.000044s ]
INFO: [ app_init ] --END-- [ RunTime:0.000742s ]
INFO: [ app_begin ] --START--
INFO: Run Behavior\ReadHtmlCacheBehavior [ RunTime:0.000828s ]
INFO: [ app_begin ] --END-- [ RunTime:0.000913s ]
SQL: SHOW COLUMNS FROM `bbs_member` [ RunTime:0.0019s ]
SQL: SHOW COLUMNS FROM `bbs_category` [ RunTime:0.0014s ]
SQL: SHOW COLUMNS FROM `bbs_task` [ RunTime:0.0014s ]
SQL: SHOW COLUMNS FROM `bbs_article` [ RunTime:0.0014s ]
SQL: SHOW COLUMNS FROM `bbs_comment` [ RunTime:0.0012s ]
SQL: SHOW COLUMNS FROM `bbs_task_confirm` [ RunTime:0.0012s ]
SQL: SHOW COLUMNS FROM `bbs_config` [ RunTime:0.0013s ]
SQL: SELECT * FROM `bbs_config` WHERE `config_id` = 1 LIMIT 1   [ RunTime:0.0005s ]
SQL: SELECT * FROM `bbs_category`  [ RunTime:0.0004s ]
SQL: SELECT `category_id`,`parent_id`,`name` FROM `bbs_category`  [ RunTime:0.0006s ]

[ 2017-03-04T09:27:34+08:00 ] 183.6.46.6 /web/Index/regLog.html
INFO: [ app_init ] --START--
INFO: Run Behavior\BuildLiteBehavior [ RunTime:0.000032s ]
INFO: [ app_init ] --END-- [ RunTime:0.000705s ]
INFO: [ app_begin ] --START--
INFO: Run Behavior\ReadHtmlCacheBehavior [ RunTime:0.000879s ]
INFO: [ app_begin ] --END-- [ RunTime:0.000967s ]
SQL: SHOW COLUMNS FROM `bbs_member` [ RunTime:0.0020s ]
SQL: SHOW COLUMNS FROM `bbs_category` [ RunTime:0.0015s ]
SQL: SHOW COLUMNS FROM `bbs_task` [ RunTime:0.0017s ]
SQL: SHOW COLUMNS FROM `bbs_article` [ RunTime:0.0016s ]
SQL: SHOW COLUMNS FROM `bbs_comment` [ RunTime:0.0014s ]
SQL: SHOW COLUMNS FROM `bbs_task_confirm` [ RunTime:0.0014s ]
SQL: SHOW COLUMNS FROM `bbs_config` [ RunTime:0.0016s ]
SQL: SELECT * FROM `bbs_config` WHERE `config_id` = 1 LIMIT 1   [ RunTime:0.0006s ]
SQL: SELECT * FROM `bbs_category`  [ RunTime:0.0004s ]
SQL: SELECT `category_id`,`parent_id`,`name` FROM `bbs_category`  [ RunTime:0.0007s ]
INFO: [ view_parse ] --START--
INFO: [ template_filter ] --START--
INFO: Run Behavior\ContentReplaceBehavior [ RunTime:0.000163s ]
INFO: [ template_filter ] --END-- [ RunTime:0.000276s ]
NOTIC: [8] Undefined variable: category_meta /www/users/HK124144/WEB/web/Runtime/Cache/Home/e2f1e8739761dd1b07196da7c9136d50.php 第 8 行.
NOTIC: [8] Undefined index: member /www/users/HK124144/WEB/web/Runtime/Cache/Home/e2f1e8739761dd1b07196da7c9136d50.php 第 49 行.
INFO: Run Behavior\ParseTemplateBehavior [ RunTime:0.028384s ]
INFO: [ view_parse ] --END-- [ RunTime:0.028474s ]
INFO: [ view_filter ] --START--
INFO: Run Behavior\WriteHtmlCacheBehavior [ RunTime:0.000427s ]
INFO: [ view_filter ] --END-- [ RunTime:0.000486s ]
INFO: [ app_end ] --START--
INFO: Run Behavior\ShowPageTraceBehavior [ RunTime:0.001044s ]
INFO: [ app_end ] --END-- [ RunTime:0.001126s ]

[ 2017-03-04T09:27:34+08:00 ] 183.6.46.6 /web/Index/verifyCode.html
INFO: [ app_init ] --START--
INFO: Run Behavior\BuildLiteBehavior [ RunTime:0.000030s ]
INFO: [ app_init ] --END-- [ RunTime:0.000753s ]
INFO: [ app_begin ] --START--
INFO: Run Behavior\ReadHtmlCacheBehavior [ RunTime:0.000851s ]
INFO: [ app_begin ] --END-- [ RunTime:0.000934s ]
SQL: SHOW COLUMNS FROM `bbs_member` [ RunTime:0.0027s ]
SQL: SHOW COLUMNS FROM `bbs_category` [ RunTime:0.0018s ]
SQL: SHOW COLUMNS FROM `bbs_task` [ RunTime:0.0019s ]
SQL: SHOW COLUMNS FROM `bbs_article` [ RunTime:0.0021s ]
SQL: SHOW COLUMNS FROM `bbs_comment` [ RunTime:0.0021s ]
SQL: SHOW COLUMNS FROM `bbs_task_confirm` [ RunTime:0.0018s ]
SQL: SHOW COLUMNS FROM `bbs_config` [ RunTime:0.0017s ]
SQL: SELECT * FROM `bbs_config` WHERE `config_id` = 1 LIMIT 1   [ RunTime:0.0012s ]
SQL: SELECT * FROM `bbs_category`  [ RunTime:0.0011s ]
SQL: SELECT `category_id`,`parent_id`,`name` FROM `bbs_category`  [ RunTime:0.0006s ]
INFO: [ app_end ] --START--
INFO: Run Behavior\ShowPageTraceBehavior [ RunTime:0.001012s ]
INFO: [ app_end ] --END-- [ RunTime:0.001118s ]

[ 2017-03-04T09:27:41+08:00 ] 101.226.33.221 /web/Index/distrib/id/2.html
INFO: [ app_init ] --START--
INFO: Run Behavior\BuildLiteBehavior [ RunTime:0.000028s ]
INFO: [ app_init ] --END-- [ RunTime:0.000677s ]
INFO: [ app_begin ] --START--
INFO: Run Behavior\ReadHtmlCacheBehavior [ RunTime:0.000843s ]
INFO: [ app_begin ] --END-- [ RunTime:0.000927s ]
SQL: SHOW COLUMNS FROM `bbs_member` [ RunTime:0.0017s ]
SQL: SHOW COLUMNS FROM `bbs_category` [ RunTime:0.0019s ]
SQL: SHOW COLUMNS FROM `bbs_task` [ RunTime:0.0023s ]
SQL: SHOW COLUMNS FROM `bbs_article` [ RunTime:0.0014s ]
SQL: SHOW COLUMNS FROM `bbs_comment` [ RunTime:0.0020s ]
SQL: SHOW COLUMNS FROM `bbs_task_confirm` [ RunTime:0.0023s ]
SQL: SHOW COLUMNS FROM `bbs_config` [ RunTime:0.0019s ]
SQL: SELECT * FROM `bbs_config` WHERE `config_id` = 1 LIMIT 1   [ RunTime:0.0007s ]
SQL: SELECT * FROM `bbs_category`  [ RunTime:0.0011s ]
SQL: SELECT `category_id`,`parent_id`,`name` FROM `bbs_category`  [ RunTime:0.0010s ]
SQL: SELECT `category_id`,`parent_id`,`name` FROM `bbs_category` WHERE `category_id` = 2 LIMIT 1   [ RunTime:0.0012s ]
SQL: SELECT `category_id`,`parent_id`,`name` FROM `bbs_category` WHERE `category_id` = 1 LIMIT 1   [ RunTime:0.0012s ]
SQL: SELECT COUNT(*) AS tp_count FROM `bbs_task` WHERE ( is_delete=0 and status=1 and type=2 ) LIMIT 1   [ RunTime:0.0013s ]
SQL: SELECT * FROM `bbs_task` WHERE ( is_delete=0 and status=1 and type=2 ) ORDER BY state,create_time desc LIMIT 0,30   [ RunTime:0.0011s ]
SQL: SELECT `category_id`,`name`,`title`,`desc` FROM `bbs_category` WHERE `category_id` = 2 LIMIT 1   [ RunTime:0.0017s ]
INFO: [ view_parse ] --START--
INFO: [ template_filter ] --START--
INFO: Run Behavior\ContentReplaceBehavior [ RunTime:0.000145s ]
INFO: [ template_filter ] --END-- [ RunTime:0.000269s ]
NOTIC: [8] Undefined index: member /www/users/HK124144/WEB/web/Runtime/Cache/Home/7b286aa6dd9947169c703853f5d248b2.php 第 49 行.
INFO: Run Behavior\ParseTemplateBehavior [ RunTime:0.026089s ]
INFO: [ view_parse ] --END-- [ RunTime:0.026219s ]
INFO: [ view_filter ] --START--
INFO: Run Behavior\WriteHtmlCacheBehavior [ RunTime:0.000510s ]
INFO: [ view_filter ] --END-- [ RunTime:0.000578s ]
INFO: [ app_end ] --START--
INFO: Run Behavior\ShowPageTraceBehavior [ RunTime:0.001043s ]
INFO: [ app_end ] --END-- [ RunTime:0.001122s ]

[ 2017-03-04T09:27:43+08:00 ] 180.153.211.190 /web/Index/postTask.html
INFO: [ app_init ] --START--
INFO: Run Behavior\BuildLiteBehavior [ RunTime:0.000029s ]
INFO: [ app_init ] --END-- [ RunTime:0.000702s ]
INFO: [ app_begin ] --START--
INFO: Run Behavior\ReadHtmlCacheBehavior [ RunTime:0.000913s ]
INFO: [ app_begin ] --END-- [ RunTime:0.001008s ]
SQL: SHOW COLUMNS FROM `bbs_member` [ RunTime:0.0029s ]
SQL: SHOW COLUMNS FROM `bbs_category` [ RunTime:0.0043s ]
SQL: SHOW COLUMNS FROM `bbs_task` [ RunTime:0.0022s ]
SQL: SHOW COLUMNS FROM `bbs_article` [ RunTime:0.0096s ]
SQL: SHOW COLUMNS FROM `bbs_comment` [ RunTime:0.0041s ]
SQL: SHOW COLUMNS FROM `bbs_task_confirm` [ RunTime:0.0012s ]
SQL: SHOW COLUMNS FROM `bbs_config` [ RunTime:0.0030s ]
SQL: SELECT * FROM `bbs_config` WHERE `config_id` = 1 LIMIT 1   [ RunTime:0.0011s ]
SQL: SELECT * FROM `bbs_category`  [ RunTime:0.0008s ]
SQL: SELECT `category_id`,`parent_id`,`name` FROM `bbs_category`  [ RunTime:0.0007s ]

[ 2017-03-04T09:27:44+08:00 ] 180.153.205.254 /web/Index/regLog.html
INFO: [ app_init ] --START--
INFO: Run Behavior\BuildLiteBehavior [ RunTime:0.000027s ]
INFO: [ app_init ] --END-- [ RunTime:0.000666s ]
INFO: [ app_begin ] --START--
INFO: Run Behavior\ReadHtmlCacheBehavior [ RunTime:0.000879s ]
INFO: [ app_begin ] --END-- [ RunTime:0.000969s ]
SQL: SHOW COLUMNS FROM `bbs_member` [ RunTime:0.0017s ]
SQL: SHOW COLUMNS FROM `bbs_category` [ RunTime:0.0014s ]
SQL: SHOW COLUMNS FROM `bbs_task` [ RunTime:0.0017s ]
SQL: SHOW COLUMNS FROM `bbs_article` [ RunTime:0.0036s ]
SQL: SHOW COLUMNS FROM `bbs_comment` [ RunTime:0.0012s ]
SQL: SHOW COLUMNS FROM `bbs_task_confirm` [ RunTime:0.0013s ]
SQL: SHOW COLUMNS FROM `bbs_config` [ RunTime:0.0018s ]
SQL: SELECT * FROM `bbs_config` WHERE `config_id` = 1 LIMIT 1   [ RunTime:0.0008s ]
SQL: SELECT * FROM `bbs_category`  [ RunTime:0.0004s ]
SQL: SELECT `category_id`,`parent_id`,`name` FROM `bbs_category`  [ RunTime:0.0006s ]
INFO: [ view_parse ] --START--
INFO: [ template_filter ] --START--
INFO: Run Behavior\ContentReplaceBehavior [ RunTime:0.000181s ]
INFO: [ template_filter ] --END-- [ RunTime:0.000264s ]
NOTIC: [8] Undefined variable: category_meta /www/users/HK124144/WEB/web/Runtime/Cache/Home/e2f1e8739761dd1b07196da7c9136d50.php 第 8 行.
NOTIC: [8] Undefined index: member /www/users/HK124144/WEB/web/Runtime/Cache/Home/e2f1e8739761dd1b07196da7c9136d50.php 第 49 行.
INFO: Run Behavior\ParseTemplateBehavior [ RunTime:0.021175s ]
INFO: [ view_parse ] --END-- [ RunTime:0.021259s ]
INFO: [ view_filter ] --START--
INFO: Run Behavior\WriteHtmlCacheBehavior [ RunTime:0.000445s ]
INFO: [ view_filter ] --END-- [ RunTime:0.000506s ]
INFO: [ app_end ] --START--
INFO: Run Behavior\ShowPageTraceBehavior [ RunTime:0.000906s ]
INFO: [ app_end ] --END-- [ RunTime:0.000979s ]

