[ 2017-02-22T12:19:56+08:00 ] 183.43.134.207 /web/admin.php
INFO: [ app_init ] --START--
INFO: Run Behavior\BuildLiteBehavior [ RunTime:0.000027s ]
INFO: [ app_init ] --END-- [ RunTime:0.000682s ]
INFO: [ app_begin ] --START--
INFO: Run Behavior\ReadHtmlCacheBehavior [ RunTime:0.000889s ]
INFO: [ app_begin ] --END-- [ RunTime:0.000993s ]
NOTIC: [2048] Declaration of Admin\Controller\IndexController::_initialize() should be compatible with Admin\Controller\PublicController::_initialize($value = '') /www/users/HK124144/WEB/web/Application/Admin/Controller/IndexController.class.php 第 4 行.

[ 2017-02-22T12:19:56+08:00 ] 183.43.134.207 /web/admin.php/Login/index.html
INFO: [ app_init ] --START--
INFO: Run Behavior\BuildLiteBehavior [ RunTime:0.000028s ]
INFO: [ app_init ] --END-- [ RunTime:0.000756s ]
INFO: [ app_begin ] --START--
INFO: Run Behavior\ReadHtmlCacheBehavior [ RunTime:0.001004s ]
INFO: [ app_begin ] --END-- [ RunTime:0.001114s ]
SQL: SHOW COLUMNS FROM `bbs_admin` [ RunTime:0.0100s ]
INFO: [ view_parse ] --START--
INFO: [ template_filter ] --START--
INFO: Run Behavior\ContentReplaceBehavior [ RunTime:0.000125s ]
INFO: [ template_filter ] --END-- [ RunTime:0.000240s ]
INFO: Run Behavior\ParseTemplateBehavior [ RunTime:0.035047s ]
INFO: [ view_parse ] --END-- [ RunTime:0.035149s ]
INFO: [ view_filter ] --START--
INFO: Run Behavior\WriteHtmlCacheBehavior [ RunTime:0.000933s ]
INFO: [ view_filter ] --END-- [ RunTime:0.001142s ]
INFO: [ app_end ] --START--
INFO: Run Behavior\ShowPageTraceBehavior [ RunTime:0.001105s ]
INFO: [ app_end ] --END-- [ RunTime:0.001178s ]

[ 2017-02-22T12:19:57+08:00 ] 183.43.134.207 /web/admin.php/Login/verifyCode.html
INFO: [ app_init ] --START--
INFO: Run Behavior\BuildLiteBehavior [ RunTime:0.000043s ]
INFO: [ app_init ] --END-- [ RunTime:0.001047s ]
INFO: [ app_begin ] --START--
INFO: Run Behavior\ReadHtmlCacheBehavior [ RunTime:0.001359s ]
INFO: [ app_begin ] --END-- [ RunTime:0.001545s ]
SQL: SHOW COLUMNS FROM `bbs_admin` [ RunTime:0.0014s ]
INFO: [ app_end ] --START--
INFO: Run Behavior\ShowPageTraceBehavior [ RunTime:0.001339s ]
INFO: [ app_end ] --END-- [ RunTime:0.001502s ]

[ 2017-02-22T12:20:07+08:00 ] 101.226.89.120 /web/admin.php/Login/index.html
INFO: [ app_init ] --START--
INFO: Run Behavior\BuildLiteBehavior [ RunTime:0.000033s ]
INFO: [ app_init ] --END-- [ RunTime:0.000719s ]
INFO: [ app_begin ] --START--
INFO: Run Behavior\ReadHtmlCacheBehavior [ RunTime:0.001009s ]
INFO: [ app_begin ] --END-- [ RunTime:0.001110s ]
SQL: SHOW COLUMNS FROM `bbs_admin` [ RunTime:0.0065s ]
INFO: [ view_parse ] --START--
INFO: [ template_filter ] --START--
INFO: Run Behavior\ContentReplaceBehavior [ RunTime:0.000093s ]
INFO: [ template_filter ] --END-- [ RunTime:0.000181s ]
INFO: Run Behavior\ParseTemplateBehavior [ RunTime:0.011309s ]
INFO: [ view_parse ] --END-- [ RunTime:0.011449s ]
INFO: [ view_filter ] --START--
INFO: Run Behavior\WriteHtmlCacheBehavior [ RunTime:0.000449s ]
INFO: [ view_filter ] --END-- [ RunTime:0.000514s ]
INFO: [ app_end ] --START--
INFO: Run Behavior\ShowPageTraceBehavior [ RunTime:0.001063s ]
INFO: [ app_end ] --END-- [ RunTime:0.001160s ]

[ 2017-02-22T12:20:07+08:00 ] 183.43.134.207 /web/admin.php/Login/login.html
INFO: [ app_init ] --START--
INFO: Run Behavior\BuildLiteBehavior [ RunTime:0.000043s ]
INFO: [ app_init ] --END-- [ RunTime:0.001291s ]
INFO: [ app_begin ] --START--
INFO: Run Behavior\ReadHtmlCacheBehavior [ RunTime:0.001375s ]
INFO: [ app_begin ] --END-- [ RunTime:0.001508s ]
SQL: SHOW COLUMNS FROM `bbs_admin` [ RunTime:0.0016s ]
SQL: SELECT * FROM `bbs_admin` WHERE ( name='admin' ) LIMIT 1   [ RunTime:0.0019s ]
SQL: SELECT * FROM `bbs_admin` WHERE `name` = 'admin' AND `pwd` = '2ada32abd06e8be8598f9c97a6fdbd98c80f000b70c97dc014519eb18a925e46' LIMIT 1   [ RunTime:0.0011s ]
INFO: [ app_end ] --START--
INFO: Run Behavior\ShowPageTraceBehavior [ RunTime:0.001366s ]
INFO: [ app_end ] --END-- [ RunTime:0.001467s ]

[ 2017-02-22T12:20:11+08:00 ] 183.43.134.207 /web/admin.php/Index/index.html
INFO: [ app_init ] --START--
INFO: Run Behavior\BuildLiteBehavior [ RunTime:0.000027s ]
INFO: [ app_init ] --END-- [ RunTime:0.000681s ]
INFO: [ app_begin ] --START--
INFO: Run Behavior\ReadHtmlCacheBehavior [ RunTime:0.000953s ]
INFO: [ app_begin ] --END-- [ RunTime:0.001077s ]
NOTIC: [2048] Declaration of Admin\Controller\IndexController::_initialize() should be compatible with Admin\Controller\PublicController::_initialize($value = '') /www/users/HK124144/WEB/web/Application/Admin/Controller/IndexController.class.php 第 4 行.
SQL: SHOW COLUMNS FROM `bbs_task` [ RunTime:0.0018s ]
SQL: SHOW COLUMNS FROM `bbs_article` [ RunTime:0.0054s ]
SQL: SHOW COLUMNS FROM `bbs_member` [ RunTime:0.0015s ]
SQL: SHOW COLUMNS FROM `bbs_comment` [ RunTime:0.0023s ]
SQL: SHOW COLUMNS FROM `bbs_category` [ RunTime:0.0010s ]
SQL: SHOW COLUMNS FROM `bbs_config` [ RunTime:0.0015s ]
INFO: [ view_parse ] --START--
INFO: [ template_filter ] --START--
INFO: Run Behavior\ContentReplaceBehavior [ RunTime:0.000084s ]
INFO: [ template_filter ] --END-- [ RunTime:0.000171s ]
INFO: Run Behavior\ParseTemplateBehavior [ RunTime:0.034664s ]
INFO: [ view_parse ] --END-- [ RunTime:0.034769s ]
INFO: [ view_filter ] --START--
INFO: Run Behavior\WriteHtmlCacheBehavior [ RunTime:0.000380s ]
INFO: [ view_filter ] --END-- [ RunTime:0.000439s ]
INFO: [ app_end ] --START--
INFO: Run Behavior\ShowPageTraceBehavior [ RunTime:0.000836s ]
INFO: [ app_end ] --END-- [ RunTime:0.000904s ]

[ 2017-02-22T12:20:23+08:00 ] 180.153.211.190 /web/admin.php/Index/index.html
INFO: [ app_init ] --START--
INFO: Run Behavior\BuildLiteBehavior [ RunTime:0.000026s ]
INFO: [ app_init ] --END-- [ RunTime:0.000655s ]
INFO: [ app_begin ] --START--
INFO: Run Behavior\ReadHtmlCacheBehavior [ RunTime:0.000930s ]
INFO: [ app_begin ] --END-- [ RunTime:0.001030s ]
NOTIC: [2048] Declaration of Admin\Controller\IndexController::_initialize() should be compatible with Admin\Controller\PublicController::_initialize($value = '') /www/users/HK124144/WEB/web/Application/Admin/Controller/IndexController.class.php 第 4 行.

[ 2017-02-22T12:20:23+08:00 ] 180.153.201.66 /web/admin.php/Index/index.html
INFO: [ app_init ] --START--
INFO: Run Behavior\BuildLiteBehavior [ RunTime:0.000041s ]
INFO: [ app_init ] --END-- [ RunTime:0.000988s ]
INFO: [ app_begin ] --START--
INFO: Run Behavior\ReadHtmlCacheBehavior [ RunTime:0.001318s ]
INFO: [ app_begin ] --END-- [ RunTime:0.001462s ]
NOTIC: [2048] Declaration of Admin\Controller\IndexController::_initialize() should be compatible with Admin\Controller\PublicController::_initialize($value = '') /www/users/HK124144/WEB/web/Application/Admin/Controller/IndexController.class.php 第 4 行.

[ 2017-02-22T12:20:23+08:00 ] 101.226.33.204 /web/admin.php/Index/index.html
INFO: [ app_init ] --START--
INFO: Run Behavior\BuildLiteBehavior [ RunTime:0.000031s ]
INFO: [ app_init ] --END-- [ RunTime:0.000687s ]
INFO: [ app_begin ] --START--
INFO: Run Behavior\ReadHtmlCacheBehavior [ RunTime:0.000909s ]
INFO: [ app_begin ] --END-- [ RunTime:0.001007s ]
NOTIC: [2048] Declaration of Admin\Controller\IndexController::_initialize() should be compatible with Admin\Controller\PublicController::_initialize($value = '') /www/users/HK124144/WEB/web/Application/Admin/Controller/IndexController.class.php 第 4 行.

[ 2017-02-22T12:20:23+08:00 ] 180.153.211.190 /web/admin.php/Login/index.html
INFO: [ app_init ] --START--
INFO: Run Behavior\BuildLiteBehavior [ RunTime:0.000027s ]
INFO: [ app_init ] --END-- [ RunTime:0.000679s ]
INFO: [ app_begin ] --START--
INFO: Run Behavior\ReadHtmlCacheBehavior [ RunTime:0.000886s ]
INFO: [ app_begin ] --END-- [ RunTime:0.000985s ]
SQL: SHOW COLUMNS FROM `bbs_admin` [ RunTime:0.0015s ]
INFO: [ view_parse ] --START--
INFO: [ template_filter ] --START--
INFO: Run Behavior\ContentReplaceBehavior [ RunTime:0.000091s ]
INFO: [ template_filter ] --END-- [ RunTime:0.000222s ]
INFO: Run Behavior\ParseTemplateBehavior [ RunTime:0.010429s ]
INFO: [ view_parse ] --END-- [ RunTime:0.010528s ]
INFO: [ view_filter ] --START--
INFO: Run Behavior\WriteHtmlCacheBehavior [ RunTime:0.000436s ]
INFO: [ view_filter ] --END-- [ RunTime:0.000497s ]
INFO: [ app_end ] --START--
INFO: Run Behavior\ShowPageTraceBehavior [ RunTime:0.000976s ]
INFO: [ app_end ] --END-- [ RunTime:0.001049s ]

[ 2017-02-22T12:20:23+08:00 ] 180.153.201.66 /web/admin.php/Login/index.html
INFO: [ app_init ] --START--
INFO: Run Behavior\BuildLiteBehavior [ RunTime:0.000027s ]
INFO: [ app_init ] --END-- [ RunTime:0.000672s ]
INFO: [ app_begin ] --START--
INFO: Run Behavior\ReadHtmlCacheBehavior [ RunTime:0.000857s ]
INFO: [ app_begin ] --END-- [ RunTime:0.000952s ]
SQL: SHOW COLUMNS FROM `bbs_admin` [ RunTime:0.0015s ]
INFO: [ view_parse ] --START--
INFO: [ template_filter ] --START--
INFO: Run Behavior\ContentReplaceBehavior [ RunTime:0.000086s ]
INFO: [ template_filter ] --END-- [ RunTime:0.000169s ]
INFO: Run Behavior\ParseTemplateBehavior [ RunTime:0.009847s ]
INFO: [ view_parse ] --END-- [ RunTime:0.009951s ]
INFO: [ view_filter ] --START--
INFO: Run Behavior\WriteHtmlCacheBehavior [ RunTime:0.000399s ]
INFO: [ view_filter ] --END-- [ RunTime:0.000457s ]
INFO: [ app_end ] --START--
INFO: Run Behavior\ShowPageTraceBehavior [ RunTime:0.000886s ]
INFO: [ app_end ] --END-- [ RunTime:0.000983s ]

[ 2017-02-22T12:20:23+08:00 ] 101.226.33.204 /web/admin.php/Login/index.html
INFO: [ app_init ] --START--
INFO: Run Behavior\BuildLiteBehavior [ RunTime:0.000031s ]
INFO: [ app_init ] --END-- [ RunTime:0.000721s ]
INFO: [ app_begin ] --START--
INFO: Run Behavior\ReadHtmlCacheBehavior [ RunTime:0.000868s ]
INFO: [ app_begin ] --END-- [ RunTime:0.000966s ]
SQL: SHOW COLUMNS FROM `bbs_admin` [ RunTime:0.0023s ]
INFO: [ view_parse ] --START--
INFO: [ template_filter ] --START--
INFO: Run Behavior\ContentReplaceBehavior [ RunTime:0.000102s ]
INFO: [ template_filter ] --END-- [ RunTime:0.000199s ]
INFO: Run Behavior\ParseTemplateBehavior [ RunTime:0.013553s ]
INFO: [ view_parse ] --END-- [ RunTime:0.013651s ]
INFO: [ view_filter ] --START--
INFO: Run Behavior\WriteHtmlCacheBehavior [ RunTime:0.000408s ]
INFO: [ view_filter ] --END-- [ RunTime:0.000468s ]
INFO: [ app_end ] --START--
INFO: Run Behavior\ShowPageTraceBehavior [ RunTime:0.000995s ]
INFO: [ app_end ] --END-- [ RunTime:0.001074s ]

[ 2017-02-22T12:20:31+08:00 ] 183.43.134.207 /web/admin.php/Index/config.html
INFO: [ app_init ] --START--
INFO: Run Behavior\BuildLiteBehavior [ RunTime:0.000039s ]
INFO: [ app_init ] --END-- [ RunTime:0.000941s ]
INFO: [ app_begin ] --START--
INFO: Run Behavior\ReadHtmlCacheBehavior [ RunTime:0.001230s ]
INFO: [ app_begin ] --END-- [ RunTime:0.001348s ]
NOTIC: [2048] Declaration of Admin\Controller\IndexController::_initialize() should be compatible with Admin\Controller\PublicController::_initialize($value = '') /www/users/HK124144/WEB/web/Application/Admin/Controller/IndexController.class.php 第 4 行.
SQL: SHOW COLUMNS FROM `bbs_task` [ RunTime:0.0017s ]
SQL: SHOW COLUMNS FROM `bbs_article` [ RunTime:0.0013s ]
SQL: SHOW COLUMNS FROM `bbs_member` [ RunTime:0.0011s ]
SQL: SHOW COLUMNS FROM `bbs_comment` [ RunTime:0.0018s ]
SQL: SHOW COLUMNS FROM `bbs_category` [ RunTime:0.0012s ]
SQL: SHOW COLUMNS FROM `bbs_config` [ RunTime:0.0013s ]
SQL: SELECT * FROM `bbs_config` LIMIT 1   [ RunTime:0.0010s ]
INFO: [ view_parse ] --START--
INFO: [ template_filter ] --START--
INFO: Run Behavior\ContentReplaceBehavior [ RunTime:0.000114s ]
INFO: [ template_filter ] --END-- [ RunTime:0.000198s ]
INFO: Run Behavior\ParseTemplateBehavior [ RunTime:0.016926s ]
INFO: [ view_parse ] --END-- [ RunTime:0.017023s ]
INFO: [ view_filter ] --START--
INFO: Run Behavior\WriteHtmlCacheBehavior [ RunTime:0.000385s ]
INFO: [ view_filter ] --END-- [ RunTime:0.000444s ]
INFO: [ app_end ] --START--
INFO: Run Behavior\ShowPageTraceBehavior [ RunTime:0.000965s ]
INFO: [ app_end ] --END-- [ RunTime:0.001041s ]

[ 2017-02-22T12:20:33+08:00 ] 101.226.33.223 /web/admin.php/Index/index.html
INFO: [ app_init ] --START--
INFO: Run Behavior\BuildLiteBehavior [ RunTime:0.000030s ]
INFO: [ app_init ] --END-- [ RunTime:0.000811s ]
INFO: [ app_begin ] --START--
INFO: Run Behavior\ReadHtmlCacheBehavior [ RunTime:0.001063s ]
INFO: [ app_begin ] --END-- [ RunTime:0.001182s ]
NOTIC: [2048] Declaration of Admin\Controller\IndexController::_initialize() should be compatible with Admin\Controller\PublicController::_initialize($value = '') /www/users/HK124144/WEB/web/Application/Admin/Controller/IndexController.class.php 第 4 行.

[ 2017-02-22T12:20:33+08:00 ] 101.226.33.223 /web/admin.php/Login/index.html
INFO: [ app_init ] --START--
INFO: Run Behavior\BuildLiteBehavior [ RunTime:0.000040s ]
INFO: [ app_init ] --END-- [ RunTime:0.000988s ]
INFO: [ app_begin ] --START--
INFO: Run Behavior\ReadHtmlCacheBehavior [ RunTime:0.001280s ]
INFO: [ app_begin ] --END-- [ RunTime:0.001414s ]
SQL: SHOW COLUMNS FROM `bbs_admin` [ RunTime:0.0016s ]
INFO: [ view_parse ] --START--
INFO: [ template_filter ] --START--
INFO: Run Behavior\ContentReplaceBehavior [ RunTime:0.000136s ]
INFO: [ template_filter ] --END-- [ RunTime:0.002444s ]
INFO: Run Behavior\ParseTemplateBehavior [ RunTime:0.012254s ]
INFO: [ view_parse ] --END-- [ RunTime:0.012352s ]
INFO: [ view_filter ] --START--
INFO: Run Behavior\WriteHtmlCacheBehavior [ RunTime:0.000387s ]
INFO: [ view_filter ] --END-- [ RunTime:0.000444s ]
INFO: [ app_end ] --START--
INFO: Run Behavior\ShowPageTraceBehavior [ RunTime:0.000874s ]
INFO: [ app_end ] --END-- [ RunTime:0.000947s ]

[ 2017-02-22T12:20:50+08:00 ] 101.226.66.179 /web/admin.php/Index/config.html
INFO: [ app_init ] --START--
INFO: Run Behavior\BuildLiteBehavior [ RunTime:0.000027s ]
INFO: [ app_init ] --END-- [ RunTime:0.000646s ]
INFO: [ app_begin ] --START--
INFO: Run Behavior\ReadHtmlCacheBehavior [ RunTime:0.000855s ]
INFO: [ app_begin ] --END-- [ RunTime:0.000951s ]
NOTIC: [2048] Declaration of Admin\Controller\IndexController::_initialize() should be compatible with Admin\Controller\PublicController::_initialize($value = '') /www/users/HK124144/WEB/web/Application/Admin/Controller/IndexController.class.php 第 4 行.

[ 2017-02-22T12:20:50+08:00 ] 101.226.66.179 /web/admin.php/Login/index.html
INFO: [ app_init ] --START--
INFO: Run Behavior\BuildLiteBehavior [ RunTime:0.000028s ]
INFO: [ app_init ] --END-- [ RunTime:0.000716s ]
INFO: [ app_begin ] --START--
INFO: Run Behavior\ReadHtmlCacheBehavior [ RunTime:0.000942s ]
INFO: [ app_begin ] --END-- [ RunTime:0.001042s ]
SQL: SHOW COLUMNS FROM `bbs_admin` [ RunTime:0.0018s ]
INFO: [ view_parse ] --START--
INFO: [ template_filter ] --START--
INFO: Run Behavior\ContentReplaceBehavior [ RunTime:0.000087s ]
INFO: [ template_filter ] --END-- [ RunTime:0.000169s ]
INFO: Run Behavior\ParseTemplateBehavior [ RunTime:0.010016s ]
INFO: [ view_parse ] --END-- [ RunTime:0.010104s ]
INFO: [ view_filter ] --START--
INFO: Run Behavior\WriteHtmlCacheBehavior [ RunTime:0.000469s ]
INFO: [ view_filter ] --END-- [ RunTime:0.000541s ]
INFO: [ app_end ] --START--
INFO: Run Behavior\ShowPageTraceBehavior [ RunTime:0.000905s ]
INFO: [ app_end ] --END-- [ RunTime:0.000978s ]

[ 2017-02-22T12:20:59+08:00 ] 183.43.134.207 /web/admin.php/Index/comment.html
INFO: [ app_init ] --START--
INFO: Run Behavior\BuildLiteBehavior [ RunTime:0.000034s ]
INFO: [ app_init ] --END-- [ RunTime:0.000762s ]
INFO: [ app_begin ] --START--
INFO: Run Behavior\ReadHtmlCacheBehavior [ RunTime:0.000865s ]
INFO: [ app_begin ] --END-- [ RunTime:0.000974s ]
NOTIC: [2048] Declaration of Admin\Controller\IndexController::_initialize() should be compatible with Admin\Controller\PublicController::_initialize($value = '') /www/users/HK124144/WEB/web/Application/Admin/Controller/IndexController.class.php 第 4 行.
SQL: SHOW COLUMNS FROM `bbs_task` [ RunTime:0.0058s ]
SQL: SHOW COLUMNS FROM `bbs_article` [ RunTime:0.0015s ]
SQL: SHOW COLUMNS FROM `bbs_member` [ RunTime:0.0017s ]
SQL: SHOW COLUMNS FROM `bbs_comment` [ RunTime:0.0015s ]
SQL: SHOW COLUMNS FROM `bbs_category` [ RunTime:0.0016s ]
SQL: SHOW COLUMNS FROM `bbs_config` [ RunTime:0.0015s ]
SQL: SELECT COUNT(*) AS tp_count FROM `bbs_member` WHERE ( is_delete=0 ) LIMIT 1   [ RunTime:0.0015s ]
SQL: SELECT c.comment_id,c.content,m.name,m.member_id,c.status,c.create_time FROM bbs_comment c INNER JOIN bbs_member m ON m.member_id=c.member_id  WHERE ( c.is_delete=0 ) LIMIT 0,15   [ RunTime:0.0114s ]
INFO: [ view_parse ] --START--
INFO: [ template_filter ] --START--
INFO: Run Behavior\ContentReplaceBehavior [ RunTime:0.000127s ]
INFO: [ template_filter ] --END-- [ RunTime:0.000221s ]
INFO: Run Behavior\ParseTemplateBehavior [ RunTime:0.024829s ]
INFO: [ view_parse ] --END-- [ RunTime:0.024919s ]
INFO: [ view_filter ] --START--
INFO: Run Behavior\WriteHtmlCacheBehavior [ RunTime:0.000435s ]
INFO: [ view_filter ] --END-- [ RunTime:0.000497s ]
INFO: [ app_end ] --START--
INFO: Run Behavior\ShowPageTraceBehavior [ RunTime:0.001035s ]
INFO: [ app_end ] --END-- [ RunTime:0.001120s ]

[ 2017-02-22T12:21:10+08:00 ] 101.226.66.192 /web/admin.php/Index/comment.html
INFO: [ app_init ] --START--
INFO: Run Behavior\BuildLiteBehavior [ RunTime:0.000027s ]
INFO: [ app_init ] --END-- [ RunTime:0.000644s ]
INFO: [ app_begin ] --START--
INFO: Run Behavior\ReadHtmlCacheBehavior [ RunTime:0.000860s ]
INFO: [ app_begin ] --END-- [ RunTime:0.000944s ]
NOTIC: [2048] Declaration of Admin\Controller\IndexController::_initialize() should be compatible with Admin\Controller\PublicController::_initialize($value = '') /www/users/HK124144/WEB/web/Application/Admin/Controller/IndexController.class.php 第 4 行.

[ 2017-02-22T12:21:10+08:00 ] 101.226.66.192 /web/admin.php/Login/index.html
INFO: [ app_init ] --START--
INFO: Run Behavior\BuildLiteBehavior [ RunTime:0.000028s ]
INFO: [ app_init ] --END-- [ RunTime:0.000651s ]
INFO: [ app_begin ] --START--
INFO: Run Behavior\ReadHtmlCacheBehavior [ RunTime:0.000869s ]
INFO: [ app_begin ] --END-- [ RunTime:0.000968s ]
SQL: SHOW COLUMNS FROM `bbs_admin` [ RunTime:0.0025s ]
INFO: [ view_parse ] --START--
INFO: [ template_filter ] --START--
INFO: Run Behavior\ContentReplaceBehavior [ RunTime:0.000083s ]
INFO: [ template_filter ] --END-- [ RunTime:0.000164s ]
INFO: Run Behavior\ParseTemplateBehavior [ RunTime:0.009817s ]
INFO: [ view_parse ] --END-- [ RunTime:0.009902s ]
INFO: [ view_filter ] --START--
INFO: Run Behavior\WriteHtmlCacheBehavior [ RunTime:0.000422s ]
INFO: [ view_filter ] --END-- [ RunTime:0.000481s ]
INFO: [ app_end ] --START--
INFO: Run Behavior\ShowPageTraceBehavior [ RunTime:0.000911s ]
INFO: [ app_end ] --END-- [ RunTime:0.000987s ]

[ 2017-02-22T12:23:59+08:00 ] 183.43.134.207 /web/admin.php/Index/index.html
INFO: [ app_init ] --START--
INFO: Run Behavior\BuildLiteBehavior [ RunTime:0.000033s ]
INFO: [ app_init ] --END-- [ RunTime:0.000675s ]
INFO: [ app_begin ] --START--
INFO: Run Behavior\ReadHtmlCacheBehavior [ RunTime:0.000925s ]
INFO: [ app_begin ] --END-- [ RunTime:0.001024s ]
NOTIC: [2048] Declaration of Admin\Controller\IndexController::_initialize() should be compatible with Admin\Controller\PublicController::_initialize($value = '') /www/users/HK124144/WEB/web/Application/Admin/Controller/IndexController.class.php 第 4 行.
SQL: SHOW COLUMNS FROM `bbs_task` [ RunTime:0.0026s ]
SQL: SHOW COLUMNS FROM `bbs_article` [ RunTime:0.0020s ]
SQL: SHOW COLUMNS FROM `bbs_member` [ RunTime:0.0018s ]
SQL: SHOW COLUMNS FROM `bbs_comment` [ RunTime:0.0019s ]
SQL: SHOW COLUMNS FROM `bbs_category` [ RunTime:0.0019s ]
SQL: SHOW COLUMNS FROM `bbs_config` [ RunTime:0.0022s ]
INFO: [ view_parse ] --START--
INFO: [ template_filter ] --START--
INFO: Run Behavior\ContentReplaceBehavior [ RunTime:0.000086s ]
INFO: [ template_filter ] --END-- [ RunTime:0.000243s ]
INFO: Run Behavior\ParseTemplateBehavior [ RunTime:0.023021s ]
INFO: [ view_parse ] --END-- [ RunTime:0.023122s ]
INFO: [ view_filter ] --START--
INFO: Run Behavior\WriteHtmlCacheBehavior [ RunTime:0.000406s ]
INFO: [ view_filter ] --END-- [ RunTime:0.000462s ]
INFO: [ app_end ] --START--
INFO: Run Behavior\ShowPageTraceBehavior [ RunTime:0.000935s ]
INFO: [ app_end ] --END-- [ RunTime:0.001001s ]

[ 2017-02-22T12:29:23+08:00 ] 183.43.134.207 /web/admin.php/Index/article.html
INFO: [ app_init ] --START--
INFO: Run Behavior\BuildLiteBehavior [ RunTime:0.000032s ]
INFO: [ app_init ] --END-- [ RunTime:0.000685s ]
INFO: [ app_begin ] --START--
INFO: Run Behavior\ReadHtmlCacheBehavior [ RunTime:0.000854s ]
INFO: [ app_begin ] --END-- [ RunTime:0.000952s ]
NOTIC: [2048] Declaration of Admin\Controller\IndexController::_initialize() should be compatible with Admin\Controller\PublicController::_initialize($value = '') /www/users/HK124144/WEB/web/Application/Admin/Controller/IndexController.class.php 第 4 行.
SQL: SHOW COLUMNS FROM `bbs_task` [ RunTime:0.0022s ]
SQL: SHOW COLUMNS FROM `bbs_article` [ RunTime:0.0044s ]
SQL: SHOW COLUMNS FROM `bbs_member` [ RunTime:0.0023s ]
SQL: SHOW COLUMNS FROM `bbs_comment` [ RunTime:0.0018s ]
SQL: SHOW COLUMNS FROM `bbs_category` [ RunTime:0.0021s ]
SQL: SHOW COLUMNS FROM `bbs_config` [ RunTime:0.0076s ]
SQL: SELECT COUNT(*) AS tp_count FROM `bbs_article` WHERE ( is_delete=0 ) LIMIT 1   [ RunTime:0.0009s ]
SQL: SELECT a.title,a.article_id,a.category_id,a.status,a.create_time,a.update_time,c.name cname,m.name,m.member_id FROM bbs_article a INNER JOIN bbs_member m ON a.member_id=m.member_id INNER JOIN bbs_category c ON c.category_id=a.category_id  WHERE ( a.is_delete=0 ) LIMIT 0,15   [ RunTime:0.0015s ]
INFO: [ view_parse ] --START--
INFO: [ template_filter ] --START--
INFO: Run Behavior\ContentReplaceBehavior [ RunTime:0.000114s ]
INFO: [ template_filter ] --END-- [ RunTime:0.000206s ]
INFO: Run Behavior\ParseTemplateBehavior [ RunTime:0.021434s ]
INFO: [ view_parse ] --END-- [ RunTime:0.021535s ]
INFO: [ view_filter ] --START--
INFO: Run Behavior\WriteHtmlCacheBehavior [ RunTime:0.000434s ]
INFO: [ view_filter ] --END-- [ RunTime:0.000493s ]
INFO: [ app_end ] --START--
INFO: Run Behavior\ShowPageTraceBehavior [ RunTime:0.000959s ]
INFO: [ app_end ] --END-- [ RunTime:0.001036s ]

[ 2017-02-22T12:29:33+08:00 ] 101.226.89.119 /web/admin.php/Index/article.html
INFO: [ app_init ] --START--
INFO: Run Behavior\BuildLiteBehavior [ RunTime:0.000029s ]
INFO: [ app_init ] --END-- [ RunTime:0.000695s ]
INFO: [ app_begin ] --START--
INFO: Run Behavior\ReadHtmlCacheBehavior [ RunTime:0.000893s ]
INFO: [ app_begin ] --END-- [ RunTime:0.000993s ]
NOTIC: [2048] Declaration of Admin\Controller\IndexController::_initialize() should be compatible with Admin\Controller\PublicController::_initialize($value = '') /www/users/HK124144/WEB/web/Application/Admin/Controller/IndexController.class.php 第 4 行.

[ 2017-02-22T12:29:34+08:00 ] 101.226.89.119 /web/admin.php/Login/index.html
INFO: [ app_init ] --START--
INFO: Run Behavior\BuildLiteBehavior [ RunTime:0.000027s ]
INFO: [ app_init ] --END-- [ RunTime:0.000674s ]
INFO: [ app_begin ] --START--
INFO: Run Behavior\ReadHtmlCacheBehavior [ RunTime:0.000840s ]
INFO: [ app_begin ] --END-- [ RunTime:0.000961s ]
SQL: SHOW COLUMNS FROM `bbs_admin` [ RunTime:0.0045s ]
INFO: [ view_parse ] --START--
INFO: [ template_filter ] --START--
INFO: Run Behavior\ContentReplaceBehavior [ RunTime:0.000126s ]
INFO: [ template_filter ] --END-- [ RunTime:0.000270s ]
INFO: Run Behavior\ParseTemplateBehavior [ RunTime:0.015450s ]
INFO: [ view_parse ] --END-- [ RunTime:0.015565s ]
INFO: [ view_filter ] --START--
INFO: Run Behavior\WriteHtmlCacheBehavior [ RunTime:0.000620s ]
INFO: [ view_filter ] --END-- [ RunTime:0.000706s ]
INFO: [ app_end ] --START--
INFO: Run Behavior\ShowPageTraceBehavior [ RunTime:0.001382s ]
INFO: [ app_end ] --END-- [ RunTime:0.001469s ]

