[ 2017-02-19T22:22:24+08:00 ] 61.151.218.119 /web/admin.php
INFO: [ app_init ] --START--
INFO: Run Behavior\BuildLiteBehavior [ RunTime:0.000027s ]
INFO: [ app_init ] --END-- [ RunTime:0.000653s ]
INFO: [ app_begin ] --START--
INFO: Run Behavior\ReadHtmlCacheBehavior [ RunTime:0.000877s ]
INFO: [ app_begin ] --END-- [ RunTime:0.001024s ]
NOTIC: [2048] Declaration of Admin\Controller\IndexController::_initialize() should be compatible with Admin\Controller\PublicController::_initialize($value = '') /www/users/HK124144/WEB/web/Application/Admin/Controller/IndexController.class.php 第 4 行.

[ 2017-02-19T22:22:24+08:00 ] 61.151.218.119 /web/admin.php/Login/index.html
INFO: [ app_init ] --START--
INFO: Run Behavior\BuildLiteBehavior [ RunTime:0.000029s ]
INFO: [ app_init ] --END-- [ RunTime:0.000688s ]
INFO: [ app_begin ] --START--
INFO: Run Behavior\ReadHtmlCacheBehavior [ RunTime:0.000868s ]
INFO: [ app_begin ] --END-- [ RunTime:0.000967s ]
SQL: SHOW COLUMNS FROM `bbs_admin` [ RunTime:0.0028s ]
INFO: [ view_parse ] --START--
INFO: [ template_filter ] --START--
INFO: Run Behavior\ContentReplaceBehavior [ RunTime:0.000098s ]
INFO: [ template_filter ] --END-- [ RunTime:0.000186s ]
INFO: Run Behavior\ParseTemplateBehavior [ RunTime:0.017832s ]
INFO: [ view_parse ] --END-- [ RunTime:0.017939s ]
INFO: [ view_filter ] --START--
INFO: Run Behavior\WriteHtmlCacheBehavior [ RunTime:0.000420s ]
INFO: [ view_filter ] --END-- [ RunTime:0.000479s ]
INFO: [ app_end ] --START--
INFO: Run Behavior\ShowPageTraceBehavior [ RunTime:0.000892s ]
INFO: [ app_end ] --END-- [ RunTime:0.001007s ]

[ 2017-02-19T22:22:26+08:00 ] 61.151.218.119 /web/admin.php/Login/verifyCode.html
INFO: [ app_init ] --START--
INFO: Run Behavior\BuildLiteBehavior [ RunTime:0.000032s ]
INFO: [ app_init ] --END-- [ RunTime:0.000673s ]
INFO: [ app_begin ] --START--
INFO: Run Behavior\ReadHtmlCacheBehavior [ RunTime:0.000874s ]
INFO: [ app_begin ] --END-- [ RunTime:0.000973s ]
SQL: SHOW COLUMNS FROM `bbs_admin` [ RunTime:0.0024s ]
INFO: [ app_end ] --START--
INFO: Run Behavior\ShowPageTraceBehavior [ RunTime:0.001000s ]
INFO: [ app_end ] --END-- [ RunTime:0.001105s ]

[ 2017-02-19T22:22:29+08:00 ] 183.6.46.6 /web/admin.php
INFO: [ app_init ] --START--
INFO: Run Behavior\BuildLiteBehavior [ RunTime:0.000028s ]
INFO: [ app_init ] --END-- [ RunTime:0.000694s ]
INFO: [ app_begin ] --START--
INFO: Run Behavior\ReadHtmlCacheBehavior [ RunTime:0.001000s ]
INFO: [ app_begin ] --END-- [ RunTime:0.001101s ]
NOTIC: [2048] Declaration of Admin\Controller\IndexController::_initialize() should be compatible with Admin\Controller\PublicController::_initialize($value = '') /www/users/HK124144/WEB/web/Application/Admin/Controller/IndexController.class.php 第 4 行.

[ 2017-02-19T22:22:30+08:00 ] 183.6.46.6 /web/admin.php/Login/index.html
INFO: [ app_init ] --START--
INFO: Run Behavior\BuildLiteBehavior [ RunTime:0.000028s ]
INFO: [ app_init ] --END-- [ RunTime:0.000700s ]
INFO: [ app_begin ] --START--
INFO: Run Behavior\ReadHtmlCacheBehavior [ RunTime:0.000877s ]
INFO: [ app_begin ] --END-- [ RunTime:0.000972s ]
SQL: SHOW COLUMNS FROM `bbs_admin` [ RunTime:0.0015s ]
INFO: [ view_parse ] --START--
INFO: [ template_filter ] --START--
INFO: Run Behavior\ContentReplaceBehavior [ RunTime:0.000180s ]
INFO: [ template_filter ] --END-- [ RunTime:0.000322s ]
INFO: Run Behavior\ParseTemplateBehavior [ RunTime:0.017056s ]
INFO: [ view_parse ] --END-- [ RunTime:0.017275s ]
INFO: [ view_filter ] --START--
INFO: Run Behavior\WriteHtmlCacheBehavior [ RunTime:0.000635s ]
INFO: [ view_filter ] --END-- [ RunTime:0.000735s ]
INFO: [ app_end ] --START--
INFO: Run Behavior\ShowPageTraceBehavior [ RunTime:0.001533s ]
INFO: [ app_end ] --END-- [ RunTime:0.001659s ]

[ 2017-02-19T22:22:30+08:00 ] 183.6.46.6 /web/admin.php/Login/verifyCode.html
INFO: [ app_init ] --START--
INFO: Run Behavior\BuildLiteBehavior [ RunTime:0.000030s ]
INFO: [ app_init ] --END-- [ RunTime:0.000656s ]
INFO: [ app_begin ] --START--
INFO: Run Behavior\ReadHtmlCacheBehavior [ RunTime:0.000887s ]
INFO: [ app_begin ] --END-- [ RunTime:0.000989s ]
SQL: SHOW COLUMNS FROM `bbs_admin` [ RunTime:0.0021s ]
INFO: [ app_end ] --START--
INFO: Run Behavior\ShowPageTraceBehavior [ RunTime:0.000909s ]
INFO: [ app_end ] --END-- [ RunTime:0.001000s ]

[ 2017-02-19T22:22:35+08:00 ] 101.226.33.228 /web/admin.php
INFO: [ app_init ] --START--
INFO: Run Behavior\BuildLiteBehavior [ RunTime:0.000028s ]
INFO: [ app_init ] --END-- [ RunTime:0.000673s ]
INFO: [ app_begin ] --START--
INFO: Run Behavior\ReadHtmlCacheBehavior [ RunTime:0.000869s ]
INFO: [ app_begin ] --END-- [ RunTime:0.000952s ]
NOTIC: [2048] Declaration of Admin\Controller\IndexController::_initialize() should be compatible with Admin\Controller\PublicController::_initialize($value = '') /www/users/HK124144/WEB/web/Application/Admin/Controller/IndexController.class.php 第 4 行.

[ 2017-02-19T22:22:35+08:00 ] 101.226.33.228 /web/admin.php/Login/index.html
INFO: [ app_init ] --START--
INFO: Run Behavior\BuildLiteBehavior [ RunTime:0.000025s ]
INFO: [ app_init ] --END-- [ RunTime:0.000694s ]
INFO: [ app_begin ] --START--
INFO: Run Behavior\ReadHtmlCacheBehavior [ RunTime:0.000842s ]
INFO: [ app_begin ] --END-- [ RunTime:0.000933s ]
SQL: SHOW COLUMNS FROM `bbs_admin` [ RunTime:0.0017s ]
INFO: [ view_parse ] --START--
INFO: [ template_filter ] --START--
INFO: Run Behavior\ContentReplaceBehavior [ RunTime:0.000078s ]
INFO: [ template_filter ] --END-- [ RunTime:0.000156s ]
INFO: Run Behavior\ParseTemplateBehavior [ RunTime:0.009785s ]
INFO: [ view_parse ] --END-- [ RunTime:0.009867s ]
INFO: [ view_filter ] --START--
INFO: Run Behavior\WriteHtmlCacheBehavior [ RunTime:0.000423s ]
INFO: [ view_filter ] --END-- [ RunTime:0.000480s ]
INFO: [ app_end ] --START--
INFO: Run Behavior\ShowPageTraceBehavior [ RunTime:0.000870s ]
INFO: [ app_end ] --END-- [ RunTime:0.000936s ]

[ 2017-02-19T22:24:56+08:00 ] 183.6.46.15 /web/admin.php
INFO: [ app_init ] --START--
INFO: Run Behavior\BuildLiteBehavior [ RunTime:0.000027s ]
INFO: [ app_init ] --END-- [ RunTime:0.000739s ]
INFO: [ app_begin ] --START--
INFO: Run Behavior\ReadHtmlCacheBehavior [ RunTime:0.000835s ]
INFO: [ app_begin ] --END-- [ RunTime:0.000957s ]
NOTIC: [2048] Declaration of Admin\Controller\IndexController::_initialize() should be compatible with Admin\Controller\PublicController::_initialize($value = '') /www/users/HK124144/WEB/web/Application/Admin/Controller/IndexController.class.php 第 4 行.

[ 2017-02-19T22:24:56+08:00 ] 183.6.46.15 /web/admin.php/Login/index.html
INFO: [ app_init ] --START--
INFO: Run Behavior\BuildLiteBehavior [ RunTime:0.000030s ]
INFO: [ app_init ] --END-- [ RunTime:0.000650s ]
INFO: [ app_begin ] --START--
INFO: Run Behavior\ReadHtmlCacheBehavior [ RunTime:0.000867s ]
INFO: [ app_begin ] --END-- [ RunTime:0.000966s ]
SQL: SHOW COLUMNS FROM `bbs_admin` [ RunTime:0.0021s ]
INFO: [ view_parse ] --START--
INFO: [ template_filter ] --START--
INFO: Run Behavior\ContentReplaceBehavior [ RunTime:0.000084s ]
INFO: [ template_filter ] --END-- [ RunTime:0.000168s ]
INFO: Run Behavior\ParseTemplateBehavior [ RunTime:0.014623s ]
INFO: [ view_parse ] --END-- [ RunTime:0.014732s ]
INFO: [ view_filter ] --START--
INFO: Run Behavior\WriteHtmlCacheBehavior [ RunTime:0.000436s ]
INFO: [ view_filter ] --END-- [ RunTime:0.000496s ]
INFO: [ app_end ] --START--
INFO: Run Behavior\ShowPageTraceBehavior [ RunTime:0.000926s ]
INFO: [ app_end ] --END-- [ RunTime:0.000997s ]

[ 2017-02-19T22:24:56+08:00 ] 183.6.46.15 /web/admin.php/Login/verifyCode.html
INFO: [ app_init ] --START--
INFO: Run Behavior\BuildLiteBehavior [ RunTime:0.000027s ]
INFO: [ app_init ] --END-- [ RunTime:0.000649s ]
INFO: [ app_begin ] --START--
INFO: Run Behavior\ReadHtmlCacheBehavior [ RunTime:0.000866s ]
INFO: [ app_begin ] --END-- [ RunTime:0.000961s ]
SQL: SHOW COLUMNS FROM `bbs_admin` [ RunTime:0.0018s ]
INFO: [ app_end ] --START--
INFO: Run Behavior\ShowPageTraceBehavior [ RunTime:0.000971s ]
INFO: [ app_end ] --END-- [ RunTime:0.001065s ]

[ 2017-02-19T22:25:04+08:00 ] 183.6.46.15 /web/admin.php/Login/login.html
INFO: [ app_init ] --START--
INFO: Run Behavior\BuildLiteBehavior [ RunTime:0.000026s ]
INFO: [ app_init ] --END-- [ RunTime:0.000671s ]
INFO: [ app_begin ] --START--
INFO: Run Behavior\ReadHtmlCacheBehavior [ RunTime:0.000923s ]
INFO: [ app_begin ] --END-- [ RunTime:0.001018s ]
SQL: SHOW COLUMNS FROM `bbs_admin` [ RunTime:0.0026s ]
SQL: SELECT * FROM `bbs_admin` WHERE ( name='admin' ) LIMIT 1   [ RunTime:0.0028s ]
SQL: SELECT * FROM `bbs_admin` WHERE `name` = 'admin' AND `pwd` = '2ada32abd06e8be8598f9c97a6fdbd98c80f000b70c97dc014519eb18a925e46' LIMIT 1   [ RunTime:0.0059s ]
INFO: [ app_end ] --START--
INFO: Run Behavior\ShowPageTraceBehavior [ RunTime:0.000983s ]
INFO: [ app_end ] --END-- [ RunTime:0.001064s ]

[ 2017-02-19T22:25:06+08:00 ] 183.6.46.15 /web/admin.php/Index/index.html
INFO: [ app_init ] --START--
INFO: Run Behavior\BuildLiteBehavior [ RunTime:0.000029s ]
INFO: [ app_init ] --END-- [ RunTime:0.000702s ]
INFO: [ app_begin ] --START--
INFO: Run Behavior\ReadHtmlCacheBehavior [ RunTime:0.000844s ]
INFO: [ app_begin ] --END-- [ RunTime:0.000969s ]
NOTIC: [2048] Declaration of Admin\Controller\IndexController::_initialize() should be compatible with Admin\Controller\PublicController::_initialize($value = '') /www/users/HK124144/WEB/web/Application/Admin/Controller/IndexController.class.php 第 4 行.
SQL: SHOW COLUMNS FROM `bbs_task` [ RunTime:0.0021s ]
SQL: SHOW COLUMNS FROM `bbs_article` [ RunTime:0.0013s ]
SQL: SHOW COLUMNS FROM `bbs_member` [ RunTime:0.0014s ]
SQL: SHOW COLUMNS FROM `bbs_comment` [ RunTime:0.0031s ]
SQL: SHOW COLUMNS FROM `bbs_category` [ RunTime:0.0018s ]
SQL: SHOW COLUMNS FROM `bbs_config` [ RunTime:0.0013s ]
INFO: [ view_parse ] --START--
INFO: [ template_filter ] --START--
INFO: Run Behavior\ContentReplaceBehavior [ RunTime:0.000090s ]
INFO: [ template_filter ] --END-- [ RunTime:0.000183s ]
INFO: Run Behavior\ParseTemplateBehavior [ RunTime:0.028647s ]
INFO: [ view_parse ] --END-- [ RunTime:0.028757s ]
INFO: [ view_filter ] --START--
INFO: Run Behavior\WriteHtmlCacheBehavior [ RunTime:0.000497s ]
INFO: [ view_filter ] --END-- [ RunTime:0.000558s ]
INFO: [ app_end ] --START--
INFO: Run Behavior\ShowPageTraceBehavior [ RunTime:0.000932s ]
INFO: [ app_end ] --END-- [ RunTime:0.001031s ]

[ 2017-02-19T22:25:11+08:00 ] 183.6.46.15 /web/admin.php/Index/category.html
INFO: [ app_init ] --START--
INFO: Run Behavior\BuildLiteBehavior [ RunTime:0.000026s ]
INFO: [ app_init ] --END-- [ RunTime:0.000677s ]
INFO: [ app_begin ] --START--
INFO: Run Behavior\ReadHtmlCacheBehavior [ RunTime:0.000871s ]
INFO: [ app_begin ] --END-- [ RunTime:0.000964s ]
NOTIC: [2048] Declaration of Admin\Controller\IndexController::_initialize() should be compatible with Admin\Controller\PublicController::_initialize($value = '') /www/users/HK124144/WEB/web/Application/Admin/Controller/IndexController.class.php 第 4 行.
SQL: SHOW COLUMNS FROM `bbs_task` [ RunTime:0.0015s ]
SQL: SHOW COLUMNS FROM `bbs_article` [ RunTime:0.0015s ]
SQL: SHOW COLUMNS FROM `bbs_member` [ RunTime:0.0017s ]
SQL: SHOW COLUMNS FROM `bbs_comment` [ RunTime:0.0012s ]
SQL: SHOW COLUMNS FROM `bbs_category` [ RunTime:0.0014s ]
SQL: SHOW COLUMNS FROM `bbs_config` [ RunTime:0.0020s ]
SQL: SELECT `category_id`,`parent_id`,`name`,`order`,`child_num` FROM `bbs_category`  [ RunTime:0.0008s ]
INFO: [ view_parse ] --START--
INFO: [ template_filter ] --START--
INFO: Run Behavior\ContentReplaceBehavior [ RunTime:0.000100s ]
INFO: [ template_filter ] --END-- [ RunTime:0.000189s ]
INFO: Run Behavior\ParseTemplateBehavior [ RunTime:0.025841s ]
INFO: [ view_parse ] --END-- [ RunTime:0.025959s ]
INFO: [ view_filter ] --START--
INFO: Run Behavior\WriteHtmlCacheBehavior [ RunTime:0.000419s ]
INFO: [ view_filter ] --END-- [ RunTime:0.000478s ]
INFO: [ app_end ] --START--
INFO: Run Behavior\ShowPageTraceBehavior [ RunTime:0.001078s ]
INFO: [ app_end ] --END-- [ RunTime:0.001148s ]

[ 2017-02-19T22:25:59+08:00 ] 183.6.46.15 /web/admin.php/Index/task.html
INFO: [ app_init ] --START--
INFO: Run Behavior\BuildLiteBehavior [ RunTime:0.000031s ]
INFO: [ app_init ] --END-- [ RunTime:0.000709s ]
INFO: [ app_begin ] --START--
INFO: Run Behavior\ReadHtmlCacheBehavior [ RunTime:0.000898s ]
INFO: [ app_begin ] --END-- [ RunTime:0.000998s ]
NOTIC: [2048] Declaration of Admin\Controller\IndexController::_initialize() should be compatible with Admin\Controller\PublicController::_initialize($value = '') /www/users/HK124144/WEB/web/Application/Admin/Controller/IndexController.class.php 第 4 行.
SQL: SHOW COLUMNS FROM `bbs_task` [ RunTime:0.0015s ]
SQL: SHOW COLUMNS FROM `bbs_article` [ RunTime:0.0021s ]
SQL: SHOW COLUMNS FROM `bbs_member` [ RunTime:0.0014s ]
SQL: SHOW COLUMNS FROM `bbs_comment` [ RunTime:0.0017s ]
SQL: SHOW COLUMNS FROM `bbs_category` [ RunTime:0.0016s ]
SQL: SHOW COLUMNS FROM `bbs_config` [ RunTime:0.0015s ]
SQL: SELECT COUNT(*) AS tp_count FROM `bbs_task` WHERE ( is_delete=0 ) LIMIT 1   [ RunTime:0.0027s ]
ERR: 1146:Table 'english.member' doesn't exist
 [ SQL语句 ] : SELECT t.title,t.task_id,t.type,t.state,t.status,t.create_time,t.update_time,m.name,m.member_id FROM bbs_task t INNER JOIN member m ON t.member_id=m.member_id  WHERE ( t.is_delete=0 ) LIMIT 0,15  
ERR: 1146:Table 'english.member' doesn't exist
 [ SQL语句 ] : SELECT t.title,t.task_id,t.type,t.state,t.status,t.create_time,t.update_time,m.name,m.member_id FROM bbs_task t INNER JOIN member m ON t.member_id=m.member_id  WHERE ( t.is_delete=0 ) LIMIT 0,15  

[ 2017-02-19T22:26:03+08:00 ] 183.6.46.15 /web/admin.php/Index/article.html
INFO: [ app_init ] --START--
INFO: Run Behavior\BuildLiteBehavior [ RunTime:0.000027s ]
INFO: [ app_init ] --END-- [ RunTime:0.000700s ]
INFO: [ app_begin ] --START--
INFO: Run Behavior\ReadHtmlCacheBehavior [ RunTime:0.000857s ]
INFO: [ app_begin ] --END-- [ RunTime:0.000949s ]
NOTIC: [2048] Declaration of Admin\Controller\IndexController::_initialize() should be compatible with Admin\Controller\PublicController::_initialize($value = '') /www/users/HK124144/WEB/web/Application/Admin/Controller/IndexController.class.php 第 4 行.
SQL: SHOW COLUMNS FROM `bbs_task` [ RunTime:0.0019s ]
SQL: SHOW COLUMNS FROM `bbs_article` [ RunTime:0.0016s ]
SQL: SHOW COLUMNS FROM `bbs_member` [ RunTime:0.0021s ]
SQL: SHOW COLUMNS FROM `bbs_comment` [ RunTime:0.0023s ]
SQL: SHOW COLUMNS FROM `bbs_category` [ RunTime:0.0021s ]
SQL: SHOW COLUMNS FROM `bbs_config` [ RunTime:0.0015s ]
SQL: SELECT COUNT(*) AS tp_count FROM `bbs_article` WHERE ( is_delete=0 ) LIMIT 1   [ RunTime:0.0024s ]
ERR: 1146:Table 'english.member' doesn't exist
 [ SQL语句 ] : SELECT a.title,a.article_id,a.category_id,a.status,a.create_time,a.update_time,c.name cname,m.name,m.member_id FROM bbs_article a INNER JOIN member m ON a.member_id=m.member_id INNER JOIN category c ON c.category_id=a.category_id  WHERE ( a.is_delete=0 ) LIMIT 0,15  
ERR: 1146:Table 'english.member' doesn't exist
 [ SQL语句 ] : SELECT a.title,a.article_id,a.category_id,a.status,a.create_time,a.update_time,c.name cname,m.name,m.member_id FROM bbs_article a INNER JOIN member m ON a.member_id=m.member_id INNER JOIN category c ON c.category_id=a.category_id  WHERE ( a.is_delete=0 ) LIMIT 0,15  

[ 2017-02-19T22:26:06+08:00 ] 183.6.46.15 /web/admin.php/Index/member.html
INFO: [ app_init ] --START--
INFO: Run Behavior\BuildLiteBehavior [ RunTime:0.000027s ]
INFO: [ app_init ] --END-- [ RunTime:0.000678s ]
INFO: [ app_begin ] --START--
INFO: Run Behavior\ReadHtmlCacheBehavior [ RunTime:0.000897s ]
INFO: [ app_begin ] --END-- [ RunTime:0.000992s ]
NOTIC: [2048] Declaration of Admin\Controller\IndexController::_initialize() should be compatible with Admin\Controller\PublicController::_initialize($value = '') /www/users/HK124144/WEB/web/Application/Admin/Controller/IndexController.class.php 第 4 行.
SQL: SHOW COLUMNS FROM `bbs_task` [ RunTime:0.0023s ]
SQL: SHOW COLUMNS FROM `bbs_article` [ RunTime:0.0019s ]
SQL: SHOW COLUMNS FROM `bbs_member` [ RunTime:0.0079s ]
SQL: SHOW COLUMNS FROM `bbs_comment` [ RunTime:0.0023s ]
SQL: SHOW COLUMNS FROM `bbs_category` [ RunTime:0.0039s ]
SQL: SHOW COLUMNS FROM `bbs_config` [ RunTime:0.0015s ]
SQL: SELECT COUNT(*) AS tp_count FROM `bbs_member` WHERE ( is_delete=0 ) LIMIT 1   [ RunTime:0.0008s ]
SQL: SELECT `member_id`,`name`,`email`,`tel`,`class`,`status`,`create_time`,`last_time` FROM `bbs_member` WHERE ( is_delete=0 ) LIMIT 0,15   [ RunTime:0.0016s ]
INFO: [ view_parse ] --START--
INFO: [ template_filter ] --START--
INFO: Run Behavior\ContentReplaceBehavior [ RunTime:0.000130s ]
INFO: [ template_filter ] --END-- [ RunTime:0.000217s ]
NOTIC: [8] Undefined index: update_time /www/users/HK124144/WEB/web/Runtime/Cache/Admin/a57f49965ac165e35a529c219c47e4cc.php 第 81 行.
NOTIC: [8] Undefined index: update_time /www/users/HK124144/WEB/web/Runtime/Cache/Admin/a57f49965ac165e35a529c219c47e4cc.php 第 81 行.
NOTIC: [8] Undefined index: update_time /www/users/HK124144/WEB/web/Runtime/Cache/Admin/a57f49965ac165e35a529c219c47e4cc.php 第 81 行.
NOTIC: [8] Undefined index: update_time /www/users/HK124144/WEB/web/Runtime/Cache/Admin/a57f49965ac165e35a529c219c47e4cc.php 第 81 行.
NOTIC: [8] Undefined index: update_time /www/users/HK124144/WEB/web/Runtime/Cache/Admin/a57f49965ac165e35a529c219c47e4cc.php 第 81 行.
INFO: Run Behavior\ParseTemplateBehavior [ RunTime:0.020216s ]
INFO: [ view_parse ] --END-- [ RunTime:0.020295s ]
INFO: [ view_filter ] --START--
INFO: Run Behavior\WriteHtmlCacheBehavior [ RunTime:0.000456s ]
INFO: [ view_filter ] --END-- [ RunTime:0.000514s ]
INFO: [ app_end ] --START--
INFO: Run Behavior\ShowPageTraceBehavior [ RunTime:0.000965s ]
INFO: [ app_end ] --END-- [ RunTime:0.001043s ]

[ 2017-02-19T22:26:07+08:00 ] 183.6.46.15 /web/admin.php/Index/article.html
INFO: [ app_init ] --START--
INFO: Run Behavior\BuildLiteBehavior [ RunTime:0.000030s ]
INFO: [ app_init ] --END-- [ RunTime:0.000659s ]
INFO: [ app_begin ] --START--
INFO: Run Behavior\ReadHtmlCacheBehavior [ RunTime:0.002463s ]
INFO: [ app_begin ] --END-- [ RunTime:0.002599s ]
NOTIC: [2048] Declaration of Admin\Controller\IndexController::_initialize() should be compatible with Admin\Controller\PublicController::_initialize($value = '') /www/users/HK124144/WEB/web/Application/Admin/Controller/IndexController.class.php 第 4 行.
SQL: SHOW COLUMNS FROM `bbs_task` [ RunTime:0.0027s ]
SQL: SHOW COLUMNS FROM `bbs_article` [ RunTime:0.0023s ]
SQL: SHOW COLUMNS FROM `bbs_member` [ RunTime:0.0066s ]
SQL: SHOW COLUMNS FROM `bbs_comment` [ RunTime:0.0030s ]
SQL: SHOW COLUMNS FROM `bbs_category` [ RunTime:0.0035s ]
SQL: SHOW COLUMNS FROM `bbs_config` [ RunTime:0.0020s ]
SQL: SELECT COUNT(*) AS tp_count FROM `bbs_article` WHERE ( is_delete=0 ) LIMIT 1   [ RunTime:0.0008s ]
ERR: 1146:Table 'english.member' doesn't exist
 [ SQL语句 ] : SELECT a.title,a.article_id,a.category_id,a.status,a.create_time,a.update_time,c.name cname,m.name,m.member_id FROM bbs_article a INNER JOIN member m ON a.member_id=m.member_id INNER JOIN category c ON c.category_id=a.category_id  WHERE ( a.is_delete=0 ) LIMIT 0,15  
ERR: 1146:Table 'english.member' doesn't exist
 [ SQL语句 ] : SELECT a.title,a.article_id,a.category_id,a.status,a.create_time,a.update_time,c.name cname,m.name,m.member_id FROM bbs_article a INNER JOIN member m ON a.member_id=m.member_id INNER JOIN category c ON c.category_id=a.category_id  WHERE ( a.is_delete=0 ) LIMIT 0,15  

[ 2017-02-19T22:26:13+08:00 ] 183.6.46.15 /web/admin.php/Index/member.html
INFO: [ app_init ] --START--
INFO: Run Behavior\BuildLiteBehavior [ RunTime:0.000026s ]
INFO: [ app_init ] --END-- [ RunTime:0.000649s ]
INFO: [ app_begin ] --START--
INFO: Run Behavior\ReadHtmlCacheBehavior [ RunTime:0.000869s ]
INFO: [ app_begin ] --END-- [ RunTime:0.000967s ]
NOTIC: [2048] Declaration of Admin\Controller\IndexController::_initialize() should be compatible with Admin\Controller\PublicController::_initialize($value = '') /www/users/HK124144/WEB/web/Application/Admin/Controller/IndexController.class.php 第 4 行.
SQL: SHOW COLUMNS FROM `bbs_task` [ RunTime:0.0084s ]
SQL: SHOW COLUMNS FROM `bbs_article` [ RunTime:0.0019s ]
SQL: SHOW COLUMNS FROM `bbs_member` [ RunTime:0.0016s ]
SQL: SHOW COLUMNS FROM `bbs_comment` [ RunTime:0.0020s ]
SQL: SHOW COLUMNS FROM `bbs_category` [ RunTime:0.0077s ]
SQL: SHOW COLUMNS FROM `bbs_config` [ RunTime:0.0014s ]
SQL: SELECT COUNT(*) AS tp_count FROM `bbs_member` WHERE ( is_delete=0 ) LIMIT 1   [ RunTime:0.0018s ]
SQL: SELECT `member_id`,`name`,`email`,`tel`,`class`,`status`,`create_time`,`last_time` FROM `bbs_member` WHERE ( is_delete=0 ) LIMIT 0,15   [ RunTime:0.0007s ]
INFO: [ view_parse ] --START--
INFO: [ template_filter ] --START--
INFO: Run Behavior\ContentReplaceBehavior [ RunTime:0.000103s ]
INFO: [ template_filter ] --END-- [ RunTime:0.000185s ]
NOTIC: [8] Undefined index: update_time /www/users/HK124144/WEB/web/Runtime/Cache/Admin/a57f49965ac165e35a529c219c47e4cc.php 第 81 行.
NOTIC: [8] Undefined index: update_time /www/users/HK124144/WEB/web/Runtime/Cache/Admin/a57f49965ac165e35a529c219c47e4cc.php 第 81 行.
NOTIC: [8] Undefined index: update_time /www/users/HK124144/WEB/web/Runtime/Cache/Admin/a57f49965ac165e35a529c219c47e4cc.php 第 81 行.
NOTIC: [8] Undefined index: update_time /www/users/HK124144/WEB/web/Runtime/Cache/Admin/a57f49965ac165e35a529c219c47e4cc.php 第 81 行.
NOTIC: [8] Undefined index: update_time /www/users/HK124144/WEB/web/Runtime/Cache/Admin/a57f49965ac165e35a529c219c47e4cc.php 第 81 行.
INFO: Run Behavior\ParseTemplateBehavior [ RunTime:0.016281s ]
INFO: [ view_parse ] --END-- [ RunTime:0.016361s ]
INFO: [ view_filter ] --START--
INFO: Run Behavior\WriteHtmlCacheBehavior [ RunTime:0.000452s ]
INFO: [ view_filter ] --END-- [ RunTime:0.000511s ]
INFO: [ app_end ] --START--
INFO: Run Behavior\ShowPageTraceBehavior [ RunTime:0.000963s ]
INFO: [ app_end ] --END-- [ RunTime:0.001034s ]

[ 2017-02-19T22:26:14+08:00 ] 183.6.46.15 /web/admin.php/Index/member.html
INFO: [ app_init ] --START--
INFO: Run Behavior\BuildLiteBehavior [ RunTime:0.000026s ]
INFO: [ app_init ] --END-- [ RunTime:0.000672s ]
INFO: [ app_begin ] --START--
INFO: Run Behavior\ReadHtmlCacheBehavior [ RunTime:0.000864s ]
INFO: [ app_begin ] --END-- [ RunTime:0.000959s ]
NOTIC: [2048] Declaration of Admin\Controller\IndexController::_initialize() should be compatible with Admin\Controller\PublicController::_initialize($value = '') /www/users/HK124144/WEB/web/Application/Admin/Controller/IndexController.class.php 第 4 行.
SQL: SHOW COLUMNS FROM `bbs_task` [ RunTime:0.0021s ]
SQL: SHOW COLUMNS FROM `bbs_article` [ RunTime:0.0020s ]
SQL: SHOW COLUMNS FROM `bbs_member` [ RunTime:0.0017s ]
SQL: SHOW COLUMNS FROM `bbs_comment` [ RunTime:0.0022s ]
SQL: SHOW COLUMNS FROM `bbs_category` [ RunTime:0.0015s ]
SQL: SHOW COLUMNS FROM `bbs_config` [ RunTime:0.0013s ]
SQL: SELECT COUNT(*) AS tp_count FROM `bbs_member` WHERE ( is_delete=0 ) LIMIT 1   [ RunTime:0.0005s ]
SQL: SELECT `member_id`,`name`,`email`,`tel`,`class`,`status`,`create_time`,`last_time` FROM `bbs_member` WHERE ( is_delete=0 ) LIMIT 0,15   [ RunTime:0.0006s ]
INFO: [ view_parse ] --START--
INFO: [ template_filter ] --START--
INFO: Run Behavior\ContentReplaceBehavior [ RunTime:0.000104s ]
INFO: [ template_filter ] --END-- [ RunTime:0.000186s ]
NOTIC: [8] Undefined index: update_time /www/users/HK124144/WEB/web/Runtime/Cache/Admin/a57f49965ac165e35a529c219c47e4cc.php 第 81 行.
NOTIC: [8] Undefined index: update_time /www/users/HK124144/WEB/web/Runtime/Cache/Admin/a57f49965ac165e35a529c219c47e4cc.php 第 81 行.
NOTIC: [8] Undefined index: update_time /www/users/HK124144/WEB/web/Runtime/Cache/Admin/a57f49965ac165e35a529c219c47e4cc.php 第 81 行.
NOTIC: [8] Undefined index: update_time /www/users/HK124144/WEB/web/Runtime/Cache/Admin/a57f49965ac165e35a529c219c47e4cc.php 第 81 行.
NOTIC: [8] Undefined index: update_time /www/users/HK124144/WEB/web/Runtime/Cache/Admin/a57f49965ac165e35a529c219c47e4cc.php 第 81 行.
INFO: Run Behavior\ParseTemplateBehavior [ RunTime:0.016237s ]
INFO: [ view_parse ] --END-- [ RunTime:0.016315s ]
INFO: [ view_filter ] --START--
INFO: Run Behavior\WriteHtmlCacheBehavior [ RunTime:0.000451s ]
INFO: [ view_filter ] --END-- [ RunTime:0.000513s ]
INFO: [ app_end ] --START--
INFO: Run Behavior\ShowPageTraceBehavior [ RunTime:0.000963s ]
INFO: [ app_end ] --END-- [ RunTime:0.001040s ]

[ 2017-02-19T22:26:25+08:00 ] 183.6.46.15 /web/admin.php/Index/comment.html
INFO: [ app_init ] --START--
INFO: Run Behavior\BuildLiteBehavior [ RunTime:0.000029s ]
INFO: [ app_init ] --END-- [ RunTime:0.000701s ]
INFO: [ app_begin ] --START--
INFO: Run Behavior\ReadHtmlCacheBehavior [ RunTime:0.000884s ]
INFO: [ app_begin ] --END-- [ RunTime:0.000982s ]
NOTIC: [2048] Declaration of Admin\Controller\IndexController::_initialize() should be compatible with Admin\Controller\PublicController::_initialize($value = '') /www/users/HK124144/WEB/web/Application/Admin/Controller/IndexController.class.php 第 4 行.
SQL: SHOW COLUMNS FROM `bbs_task` [ RunTime:0.0019s ]
SQL: SHOW COLUMNS FROM `bbs_article` [ RunTime:0.0015s ]
SQL: SHOW COLUMNS FROM `bbs_member` [ RunTime:0.0014s ]
SQL: SHOW COLUMNS FROM `bbs_comment` [ RunTime:0.0017s ]
SQL: SHOW COLUMNS FROM `bbs_category` [ RunTime:0.0019s ]
SQL: SHOW COLUMNS FROM `bbs_config` [ RunTime:0.0013s ]
SQL: SELECT COUNT(*) AS tp_count FROM `bbs_member` WHERE ( is_delete=0 ) LIMIT 1   [ RunTime:0.0007s ]
ERR: 1146:Table 'english.member' doesn't exist
 [ SQL语句 ] : SELECT c.comment_id,c.content,m.name,m.member_id,c.status,c.create_time FROM bbs_comment c INNER JOIN member m ON m.member_id=c.member_id  WHERE ( c.is_delete=0 ) LIMIT 0,15  
ERR: 1146:Table 'english.member' doesn't exist
 [ SQL语句 ] : SELECT c.comment_id,c.content,m.name,m.member_id,c.status,c.create_time FROM bbs_comment c INNER JOIN member m ON m.member_id=c.member_id  WHERE ( c.is_delete=0 ) LIMIT 0,15  

[ 2017-02-19T22:26:27+08:00 ] 183.6.46.15 /web/admin.php/Index/config.html
INFO: [ app_init ] --START--
INFO: Run Behavior\BuildLiteBehavior [ RunTime:0.000031s ]
INFO: [ app_init ] --END-- [ RunTime:0.000727s ]
INFO: [ app_begin ] --START--
INFO: Run Behavior\ReadHtmlCacheBehavior [ RunTime:0.000898s ]
INFO: [ app_begin ] --END-- [ RunTime:0.000997s ]
NOTIC: [2048] Declaration of Admin\Controller\IndexController::_initialize() should be compatible with Admin\Controller\PublicController::_initialize($value = '') /www/users/HK124144/WEB/web/Application/Admin/Controller/IndexController.class.php 第 4 行.
SQL: SHOW COLUMNS FROM `bbs_task` [ RunTime:0.0018s ]
SQL: SHOW COLUMNS FROM `bbs_article` [ RunTime:0.0015s ]
SQL: SHOW COLUMNS FROM `bbs_member` [ RunTime:0.0017s ]
SQL: SHOW COLUMNS FROM `bbs_comment` [ RunTime:0.0016s ]
SQL: SHOW COLUMNS FROM `bbs_category` [ RunTime:0.0016s ]
SQL: SHOW COLUMNS FROM `bbs_config` [ RunTime:0.0012s ]
SQL: SELECT * FROM `bbs_config` LIMIT 1   [ RunTime:0.0008s ]
INFO: [ view_parse ] --START--
INFO: [ template_filter ] --START--
INFO: Run Behavior\ContentReplaceBehavior [ RunTime:0.000120s ]
INFO: [ template_filter ] --END-- [ RunTime:0.000205s ]
INFO: Run Behavior\ParseTemplateBehavior [ RunTime:0.024206s ]
INFO: [ view_parse ] --END-- [ RunTime:0.024345s ]
INFO: [ view_filter ] --START--
INFO: Run Behavior\WriteHtmlCacheBehavior [ RunTime:0.000452s ]
INFO: [ view_filter ] --END-- [ RunTime:0.000512s ]
INFO: [ app_end ] --START--
INFO: Run Behavior\ShowPageTraceBehavior [ RunTime:0.000923s ]
INFO: [ app_end ] --END-- [ RunTime:0.001023s ]

[ 2017-02-19T22:26:33+08:00 ] 183.6.46.15 /web/admin.php/Index/category.html
INFO: [ app_init ] --START--
INFO: Run Behavior\BuildLiteBehavior [ RunTime:0.000029s ]
INFO: [ app_init ] --END-- [ RunTime:0.000665s ]
INFO: [ app_begin ] --START--
INFO: Run Behavior\ReadHtmlCacheBehavior [ RunTime:0.000885s ]
INFO: [ app_begin ] --END-- [ RunTime:0.000979s ]
NOTIC: [2048] Declaration of Admin\Controller\IndexController::_initialize() should be compatible with Admin\Controller\PublicController::_initialize($value = '') /www/users/HK124144/WEB/web/Application/Admin/Controller/IndexController.class.php 第 4 行.
SQL: SHOW COLUMNS FROM `bbs_task` [ RunTime:0.0034s ]
SQL: SHOW COLUMNS FROM `bbs_article` [ RunTime:0.0015s ]
SQL: SHOW COLUMNS FROM `bbs_member` [ RunTime:0.0013s ]
SQL: SHOW COLUMNS FROM `bbs_comment` [ RunTime:0.0025s ]
SQL: SHOW COLUMNS FROM `bbs_category` [ RunTime:0.0021s ]
SQL: SHOW COLUMNS FROM `bbs_config` [ RunTime:0.0018s ]
SQL: SELECT `category_id`,`parent_id`,`name`,`order`,`child_num` FROM `bbs_category`  [ RunTime:0.0008s ]
INFO: [ view_parse ] --START--
INFO: [ template_filter ] --START--
INFO: Run Behavior\ContentReplaceBehavior [ RunTime:0.000103s ]
INFO: [ template_filter ] --END-- [ RunTime:0.000191s ]
INFO: Run Behavior\ParseTemplateBehavior [ RunTime:0.016562s ]
INFO: [ view_parse ] --END-- [ RunTime:0.016657s ]
INFO: [ view_filter ] --START--
INFO: Run Behavior\WriteHtmlCacheBehavior [ RunTime:0.000465s ]
INFO: [ view_filter ] --END-- [ RunTime:0.000525s ]
INFO: [ app_end ] --START--
INFO: Run Behavior\ShowPageTraceBehavior [ RunTime:0.000948s ]
INFO: [ app_end ] --END-- [ RunTime:0.001017s ]

[ 2017-02-19T22:29:21+08:00 ] 183.6.46.6 /web/admin.php/Login/verifyCode.html
INFO: [ app_init ] --START--
INFO: Run Behavior\BuildLiteBehavior [ RunTime:0.000028s ]
INFO: [ app_init ] --END-- [ RunTime:0.000691s ]
INFO: [ app_begin ] --START--
INFO: Run Behavior\ReadHtmlCacheBehavior [ RunTime:0.001183s ]
INFO: [ app_begin ] --END-- [ RunTime:0.001304s ]
SQL: SHOW COLUMNS FROM `bbs_admin` [ RunTime:0.0061s ]
INFO: [ app_end ] --START--
INFO: Run Behavior\ShowPageTraceBehavior [ RunTime:0.000918s ]
INFO: [ app_end ] --END-- [ RunTime:0.001006s ]

[ 2017-02-19T22:45:30+08:00 ] 183.6.46.6 /web/admin.php
INFO: [ app_init ] --START--
INFO: Run Behavior\BuildLiteBehavior [ RunTime:0.000039s ]
INFO: [ app_init ] --END-- [ RunTime:0.001065s ]
INFO: [ app_begin ] --START--
INFO: Run Behavior\ReadHtmlCacheBehavior [ RunTime:0.001364s ]
INFO: [ app_begin ] --END-- [ RunTime:0.001488s ]
NOTIC: [2048] Declaration of Admin\Controller\IndexController::_initialize() should be compatible with Admin\Controller\PublicController::_initialize($value = '') /www/users/HK124144/WEB/web/Application/Admin/Controller/IndexController.class.php 第 4 行.

[ 2017-02-19T22:45:31+08:00 ] 183.6.46.6 /web/admin.php/Login/index.html
INFO: [ app_init ] --START--
INFO: Run Behavior\BuildLiteBehavior [ RunTime:0.000028s ]
INFO: [ app_init ] --END-- [ RunTime:0.000687s ]
INFO: [ app_begin ] --START--
INFO: Run Behavior\ReadHtmlCacheBehavior [ RunTime:0.000876s ]
INFO: [ app_begin ] --END-- [ RunTime:0.000961s ]
SQL: SHOW COLUMNS FROM `bbs_admin` [ RunTime:0.0019s ]
INFO: [ view_parse ] --START--
INFO: [ template_filter ] --START--
INFO: Run Behavior\ContentReplaceBehavior [ RunTime:0.000085s ]
INFO: [ template_filter ] --END-- [ RunTime:0.000174s ]
INFO: Run Behavior\ParseTemplateBehavior [ RunTime:0.010170s ]
INFO: [ view_parse ] --END-- [ RunTime:0.010287s ]
INFO: [ view_filter ] --START--
INFO: Run Behavior\WriteHtmlCacheBehavior [ RunTime:0.000419s ]
INFO: [ view_filter ] --END-- [ RunTime:0.000478s ]
INFO: [ app_end ] --START--
INFO: Run Behavior\ShowPageTraceBehavior [ RunTime:0.000904s ]
INFO: [ app_end ] --END-- [ RunTime:0.000976s ]

[ 2017-02-19T22:45:31+08:00 ] 183.6.46.6 /web/admin.php/Login/verifyCode.html
INFO: [ app_init ] --START--
INFO: Run Behavior\BuildLiteBehavior [ RunTime:0.000054s ]
INFO: [ app_init ] --END-- [ RunTime:0.000686s ]
INFO: [ app_begin ] --START--
INFO: Run Behavior\ReadHtmlCacheBehavior [ RunTime:0.000891s ]
INFO: [ app_begin ] --END-- [ RunTime:0.000976s ]
SQL: SHOW COLUMNS FROM `bbs_admin` [ RunTime:0.0015s ]
INFO: [ app_end ] --START--
INFO: Run Behavior\ShowPageTraceBehavior [ RunTime:0.001458s ]
INFO: [ app_end ] --END-- [ RunTime:0.001595s ]

